#
# There is insufficient memory for the Java Runtime Environment to continue.
# Native memory allocation (mmap) failed to map 46137344 bytes for G1 virtual space
# Possible reasons:
#   The system is out of physical RAM or swap space
#   The process is running with CompressedOops enabled, and the Java Heap may be blocking the growth of the native heap
# Possible solutions:
#   Reduce memory load on the system
#   Increase physical memory or swap space
#   Check if swap backing store is full
#   Decrease Java heap size (-Xmx/-Xms)
#   Decrease number of Java threads
#   Decrease Java thread stack sizes (-Xss)
#   Set larger code cache with -XX:ReservedCodeCacheSize=
#   JVM is running with Zero Based Compressed Oops mode in which the Java heap is
#     placed in the first 32GB address space. The Java Heap base address is the
#     maximum limit for the native heap growth. Please use -XX:HeapBaseMinAddress
#     to set the Java Heap base and to place the Java Heap above 32GB virtual address.
# This output file may be truncated or incomplete.
#
#  Out of Memory Error (os_windows.cpp:3603), pid=16892, tid=5420
#
# JRE version: Java(TM) SE Runtime Environment (21.0.6+8) (build 21.0.6+8-LTS-188)
# Java VM: Java HotSpot(TM) 64-Bit Server VM (21.0.6+8-LTS-188, mixed mode, sharing, tiered, compressed oops, compressed class ptrs, g1 gc, windows-amd64)
# No core dump will be written. Minidumps are not enabled by default on client versions of Windows
#

---------------  S U M M A R Y ------------

Command Line: -Dmaven.multiModuleProjectDirectory=C:\Users\acer\IdeaProjects\perpustakaan -Djansi.passthrough=true -Dmaven.home=C:\Users\acer\.m2\wrapper\dists\apache-maven-3.9.9-bin\4nf9hui3q3djbarqar9g711ggc\apache-maven-3.9.9 -Dclassworlds.conf=C:\Users\acer\.m2\wrapper\dists\apache-maven-3.9.9-bin\4nf9hui3q3djbarqar9g711ggc\apache-maven-3.9.9\bin\m2.conf -javaagent:C:\Program Files\JetBrains\IntelliJ IDEA 2024.3.5\lib\idea_rt.jar=53017 -Dfile.encoding=UTF-8 -Dsun.stdout.encoding=UTF-8 -Dsun.stderr.encoding=UTF-8 org.codehaus.classworlds.Launcher -Didea.version=2024.3.5 quarkus:dev

Host: 11th Gen Intel(R) Core(TM) i5-11400H @ 2.70GHz, 12 cores, 15G,  Windows 11 , 64 bit Build 26100 (10.0.26100.3323)
Time: Wed Apr  9 16:40:20 2025 SE Asia Standard Time elapsed time: 20.540507 seconds (0d 0h 0m 20s)

---------------  T H R E A D  ---------------

Current thread (0x000002996c52d310):  VMThread "VM Thread"          [id=5420, stack(0x000000c0ca000000,0x000000c0ca100000) (1024K)]

Stack: [0x000000c0ca000000,0x000000c0ca100000]
Native frames: (J=compiled Java code, j=interpreted, Vv=VM code, C=native code)
V  [jvm.dll+0x6ca6d9]
V  [jvm.dll+0x854f51]
V  [jvm.dll+0x85747e]
V  [jvm.dll+0x857b53]
V  [jvm.dll+0x27dcc6]
V  [jvm.dll+0x6c6e55]
V  [jvm.dll+0x6bb9da]
V  [jvm.dll+0x35393a]
V  [jvm.dll+0x35b596]
V  [jvm.dll+0x3adefe]
V  [jvm.dll+0x3ae1a8]
V  [jvm.dll+0x327cbc]
V  [jvm.dll+0x327d47]
V  [jvm.dll+0x36c60c]
V  [jvm.dll+0x36ae5e]
V  [jvm.dll+0x327481]
V  [jvm.dll+0x36a57a]
V  [jvm.dll+0x85d920]
V  [jvm.dll+0x85eca4]
V  [jvm.dll+0x85f1e0]
V  [jvm.dll+0x85f483]
V  [jvm.dll+0x7ff2fb]
V  [jvm.dll+0x6c8dbd]
C  [ucrtbase.dll+0x37b0]
C  [KERNEL32.DLL+0x2e8d7]
C  [ntdll.dll+0xbbf6c]

VM_Operation (0x000000c0c99fabb0): G1CollectForAllocation, mode: safepoint, requested by thread 0x000002994b1f7520


---------------  P R O C E S S  ---------------

Threads class SMR info:
_java_thread_list=0x0000029975b3d710, length=29, elements={
0x000002994b1f7520, 0x000002996caa0a90, 0x000002996caa2250, 0x000002996caa5db0,
0x000002996caabd60, 0x000002996caa9870, 0x000002996cab1630, 0x000002996cabde90,
0x000002996cac2880, 0x000002996cba7830, 0x000002996cd862c0, 0x000002996cd86920,
0x00000299715750a0, 0x0000029971b8f650, 0x0000029971c36220, 0x0000029971b571a0,
0x000002997228fcd0, 0x000002997228dc00, 0x000002997228e290, 0x000002997228e920,
0x000002997228efb0, 0x0000029972290360, 0x00000299722909f0, 0x0000029975429dd0,
0x000002997542cbc0, 0x000002997542aaf0, 0x0000029975429740, 0x000002997542b810,
0x0000029971317410
}

Java Threads: ( => current thread )
  0x000002994b1f7520 JavaThread "main"                              [_thread_blocked, id=25076, stack(0x000000c0c9900000,0x000000c0c9a00000) (1024K)]
  0x000002996caa0a90 JavaThread "Reference Handler"          daemon [_thread_blocked, id=22176, stack(0x000000c0ca100000,0x000000c0ca200000) (1024K)]
  0x000002996caa2250 JavaThread "Finalizer"                  daemon [_thread_blocked, id=17664, stack(0x000000c0ca200000,0x000000c0ca300000) (1024K)]
  0x000002996caa5db0 JavaThread "Signal Dispatcher"          daemon [_thread_blocked, id=10608, stack(0x000000c0ca300000,0x000000c0ca400000) (1024K)]
  0x000002996caabd60 JavaThread "Attach Listener"            daemon [_thread_blocked, id=25868, stack(0x000000c0ca400000,0x000000c0ca500000) (1024K)]
  0x000002996caa9870 JavaThread "Service Thread"             daemon [_thread_blocked, id=14104, stack(0x000000c0ca500000,0x000000c0ca600000) (1024K)]
  0x000002996cab1630 JavaThread "Monitor Deflation Thread"   daemon [_thread_blocked, id=14140, stack(0x000000c0ca600000,0x000000c0ca700000) (1024K)]
  0x000002996cabde90 JavaThread "C2 CompilerThread0"         daemon [_thread_blocked, id=14144, stack(0x000000c0ca700000,0x000000c0ca800000) (1024K)]
  0x000002996cac2880 JavaThread "C1 CompilerThread0"         daemon [_thread_blocked, id=14112, stack(0x000000c0ca800000,0x000000c0ca900000) (1024K)]
  0x000002996cba7830 JavaThread "Common-Cleaner"             daemon [_thread_blocked, id=17352, stack(0x000000c0ca900000,0x000000c0caa00000) (1024K)]
  0x000002996cd862c0 JavaThread "Monitor Ctrl-Break"         daemon [_thread_in_native, id=4016, stack(0x000000c0caa00000,0x000000c0cab00000) (1024K)]
  0x000002996cd86920 JavaThread "Notification Thread"        daemon [_thread_blocked, id=8884, stack(0x000000c0cab00000,0x000000c0cac00000) (1024K)]
  0x00000299715750a0 JavaThread "RMI TCP Accept-0"           daemon [_thread_in_native, id=25160, stack(0x000000c0cae00000,0x000000c0caf00000) (1024K)]
  0x0000029971b8f650 JavaThread "RMI TCP Connection(1)-192.168.249.1" daemon [_thread_blocked, id=25104, stack(0x000000c0caf00000,0x000000c0cb000000) (1024K)]
  0x0000029971c36220 JavaThread "RMI Scheduler(0)"           daemon [_thread_blocked, id=10972, stack(0x000000c0cb900000,0x000000c0cba00000) (1024K)]
  0x0000029971b571a0 JavaThread "JMX server connection timeout 37" daemon [_thread_blocked, id=5552, stack(0x000000c0cba00000,0x000000c0cbb00000) (1024K)]
  0x000002997228fcd0 JavaThread "Thread-1"                   daemon [_thread_blocked, id=28268, stack(0x000000c0cbb00000,0x000000c0cbc00000) (1024K)]
  0x000002997228dc00 JavaThread "ForkJoinPool.commonPool-worker-1" daemon [_thread_blocked, id=13704, stack(0x000000c0cbe00000,0x000000c0cbf00000) (1024K)]
  0x000002997228e290 JavaThread "ForkJoinPool.commonPool-worker-2" daemon [_thread_blocked, id=26236, stack(0x000000c0cbf00000,0x000000c0cc000000) (1024K)]
  0x000002997228e920 JavaThread "ForkJoinPool.commonPool-worker-3" daemon [_thread_blocked, id=11436, stack(0x000000c0cc000000,0x000000c0cc100000) (1024K)]
  0x000002997228efb0 JavaThread "ForkJoinPool.commonPool-worker-4" daemon [_thread_blocked, id=26264, stack(0x000000c0cc100000,0x000000c0cc200000) (1024K)]
  0x0000029972290360 JavaThread "ForkJoinPool.commonPool-worker-5" daemon [_thread_blocked, id=10100, stack(0x000000c0cc200000,0x000000c0cc300000) (1024K)]
  0x00000299722909f0 JavaThread "ForkJoinPool.commonPool-worker-6" daemon [_thread_blocked, id=11896, stack(0x000000c0cc300000,0x000000c0cc400000) (1024K)]
  0x0000029975429dd0 JavaThread "ForkJoinPool.commonPool-worker-7" daemon [_thread_blocked, id=29096, stack(0x000000c0cc400000,0x000000c0cc500000) (1024K)]
  0x000002997542cbc0 JavaThread "ForkJoinPool.commonPool-worker-8" daemon [_thread_blocked, id=4588, stack(0x000000c0cc500000,0x000000c0cc600000) (1024K)]
  0x000002997542aaf0 JavaThread "ForkJoinPool.commonPool-worker-9" daemon [_thread_blocked, id=26184, stack(0x000000c0cc600000,0x000000c0cc700000) (1024K)]
  0x0000029975429740 JavaThread "ForkJoinPool.commonPool-worker-10" daemon [_thread_blocked, id=20892, stack(0x000000c0cc700000,0x000000c0cc800000) (1024K)]
  0x000002997542b810 JavaThread "ForkJoinPool.commonPool-worker-11" daemon [_thread_blocked, id=4808, stack(0x000000c0cc800000,0x000000c0cc900000) (1024K)]
  0x0000029971317410 JavaThread "C2 CompilerThread1"         daemon [_thread_blocked, id=5140, stack(0x000000c0cac00000,0x000000c0cad00000) (1024K)]
Total: 29

Other Threads:
=>0x000002996c52d310 VMThread "VM Thread"                           [id=5420, stack(0x000000c0ca000000,0x000000c0ca100000) (1024K)]
  0x000002996c519a90 WatcherThread "VM Periodic Task Thread"        [id=5456, stack(0x000000c0c9f00000,0x000000c0ca000000) (1024K)]
  0x000002994cd7a8c0 WorkerThread "GC Thread#0"                     [id=5312, stack(0x000000c0c9a00000,0x000000c0c9b00000) (1024K)]
  0x000002996c52d6b0 WorkerThread "GC Thread#1"                     [id=18208, stack(0x000000c0cb000000,0x000000c0cb100000) (1024K)]
  0x000002996c52da50 WorkerThread "GC Thread#2"                     [id=7528, stack(0x000000c0cb100000,0x000000c0cb200000) (1024K)]
  0x000002996c52ddf0 WorkerThread "GC Thread#3"                     [id=3524, stack(0x000000c0cb200000,0x000000c0cb300000) (1024K)]
  0x000002996c52e8d0 WorkerThread "GC Thread#4"                     [id=11084, stack(0x000000c0cb300000,0x000000c0cb400000) (1024K)]
  0x000002996c52e190 WorkerThread "GC Thread#5"                     [id=27104, stack(0x000000c0cb400000,0x000000c0cb500000) (1024K)]
  0x000002996c52cf70 WorkerThread "GC Thread#6"                     [id=12308, stack(0x000000c0cb500000,0x000000c0cb600000) (1024K)]
  0x000002996c52e530 WorkerThread "GC Thread#7"                     [id=3352, stack(0x000000c0cb600000,0x000000c0cb700000) (1024K)]
  0x00000299715f0530 WorkerThread "GC Thread#8"                     [id=11044, stack(0x000000c0cb700000,0x000000c0cb800000) (1024K)]
  0x00000299715ef6b0 WorkerThread "GC Thread#9"                     [id=19332, stack(0x000000c0cb800000,0x000000c0cb900000) (1024K)]
  0x000002994cd8bd40 ConcurrentGCThread "G1 Main Marker"            [id=5396, stack(0x000000c0c9b00000,0x000000c0c9c00000) (1024K)]
  0x000002994cd8dcb0 WorkerThread "G1 Conc#0"                       [id=10952, stack(0x000000c0c9c00000,0x000000c0c9d00000) (1024K)]
  0x00000299715efa50 WorkerThread "G1 Conc#1"                       [id=16012, stack(0x000000c0cbc00000,0x000000c0cbd00000) (1024K)]
  0x00000299715ee830 WorkerThread "G1 Conc#2"                       [id=16852, stack(0x000000c0cbd00000,0x000000c0cbe00000) (1024K)]
  0x000002996c3e9e30 ConcurrentGCThread "G1 Refine#0"               [id=5476, stack(0x000000c0c9d00000,0x000000c0c9e00000) (1024K)]
  0x000002996c3ec5c0 ConcurrentGCThread "G1 Service"                [id=26488, stack(0x000000c0c9e00000,0x000000c0c9f00000) (1024K)]
Total: 18

Threads with active compile tasks:
C2 CompilerThread0    20577 9352   !   4       org.apache.maven.model.building.DefaultModelBuilder::importDependencyManagement (1104 bytes)
C2 CompilerThread1    20578 9362       4       org.apache.maven.model.merge.ModelMerger::mergeModelBase (73 bytes)
Total: 2

VM state: at safepoint (normal execution)

VM Mutex/Monitor currently owned by a thread:  ([mutex/lock_event])
[0x00007ffe24bbde98] Threads_lock - owner thread: 0x000002996c52d310
[0x00007ffe24bbdf98] Heap_lock - owner thread: 0x000002994b1f7520

Heap address: 0x0000000703600000, size: 4042 MB, Compressed Oops mode: Zero based, Oop shift amount: 3

CDS archive(s) mapped at: [0x0000029900000000-0x0000029900c90000-0x0000029900c90000), size 13172736, SharedBaseAddress: 0x0000029900000000, ArchiveRelocationMode: 1.
Compressed class space mapped at: 0x0000029901000000-0x0000029941000000, reserved size: 1073741824
Narrow klass base: 0x0000029900000000, Narrow klass shift: 0, Narrow klass range: 0x100000000

GC Precious Log:
 CardTable entry size: 512
 Card Set container configuration: InlinePtr #cards 4 size 8 Array Of Cards #cards 16 size 48 Howl #buckets 8 coarsen threshold 3686 Howl Bitmap #cards 512 size 80 coarsen threshold 460 Card regions per heap region 1 cards per card region 4096
 CPUs: 12 total, 12 available
 Memory: 16163M
 Large Page Support: Disabled
 NUMA Support: Disabled
 Compressed Oops: Enabled (Zero based)
 Heap Region Size: 2M
 Heap Min Capacity: 8M
 Heap Initial Capacity: 254M
 Heap Max Capacity: 4042M
 Pre-touch: Disabled
 Parallel Workers: 10
 Concurrent Workers: 3
 Concurrent Refinement Workers: 10
 Periodic GC: Disabled

Heap:
 garbage-first heap   total 229376K, used 115838K [0x0000000703600000, 0x0000000800000000)
  region size 2048K, 3 young (6144K), 3 survivors (6144K)
 Metaspace       used 45054K, committed 45632K, reserved 1114112K
  class space    used 4988K, committed 5248K, reserved 1048576K

Heap Regions: E=young(eden), S=young(survivor), O=old, HS=humongous(starts), HC=humongous(continues), CS=collection set, F=free, TAMS=top-at-mark-start, PB=parsable bottom
|   0|0x0000000703600000, 0x0000000703800000, 0x0000000703800000|100%| O|  |TAMS 0x0000000703800000| PB 0x0000000703600000| Untracked 
|   1|0x0000000703800000, 0x0000000703a00000, 0x0000000703a00000|100%| O|  |TAMS 0x0000000703a00000| PB 0x0000000703800000| Untracked 
|   2|0x0000000703a00000, 0x0000000703c00000, 0x0000000703c00000|100%| O|  |TAMS 0x0000000703c00000| PB 0x0000000703a00000| Untracked 
|   3|0x0000000703c00000, 0x0000000703e00000, 0x0000000703e00000|100%| O|  |TAMS 0x0000000703e00000| PB 0x0000000703c00000| Untracked 
|   4|0x0000000703e00000, 0x0000000704000000, 0x0000000704000000|100%| O|  |TAMS 0x0000000704000000| PB 0x0000000703e00000| Untracked 
|   5|0x0000000704000000, 0x0000000704200000, 0x0000000704200000|100%| O|  |TAMS 0x0000000704200000| PB 0x0000000704000000| Untracked 
|   6|0x0000000704200000, 0x0000000704400000, 0x0000000704400000|100%| O|  |TAMS 0x0000000704400000| PB 0x0000000704200000| Untracked 
|   7|0x0000000704400000, 0x0000000704600000, 0x0000000704600000|100%| O|  |TAMS 0x0000000704600000| PB 0x0000000704400000| Untracked 
|   8|0x0000000704600000, 0x0000000704800000, 0x0000000704800000|100%| O|  |TAMS 0x0000000704800000| PB 0x0000000704600000| Untracked 
|   9|0x0000000704800000, 0x0000000704a00000, 0x0000000704a00000|100%| O|  |TAMS 0x0000000704a00000| PB 0x0000000704800000| Untracked 
|  10|0x0000000704a00000, 0x0000000704c00000, 0x0000000704c00000|100%| O|  |TAMS 0x0000000704c00000| PB 0x0000000704a00000| Untracked 
|  11|0x0000000704c00000, 0x0000000704e00000, 0x0000000704e00000|100%| O|  |TAMS 0x0000000704e00000| PB 0x0000000704c00000| Untracked 
|  12|0x0000000704e00000, 0x0000000705000000, 0x0000000705000000|100%| O|  |TAMS 0x0000000705000000| PB 0x0000000704e00000| Untracked 
|  13|0x0000000705000000, 0x0000000705200000, 0x0000000705200000|100%| O|  |TAMS 0x0000000705200000| PB 0x0000000705000000| Untracked 
|  14|0x0000000705200000, 0x0000000705400000, 0x0000000705400000|100%| O|  |TAMS 0x0000000705400000| PB 0x0000000705200000| Untracked 
|  15|0x0000000705400000, 0x0000000705600000, 0x0000000705600000|100%| O|  |TAMS 0x0000000705600000| PB 0x0000000705400000| Untracked 
|  16|0x0000000705600000, 0x0000000705800000, 0x0000000705800000|100%| O|  |TAMS 0x0000000705800000| PB 0x0000000705600000| Untracked 
|  17|0x0000000705800000, 0x0000000705a00000, 0x0000000705a00000|100%|HS|  |TAMS 0x0000000705a00000| PB 0x0000000705800000| Complete 
|  18|0x0000000705a00000, 0x0000000705c00000, 0x0000000705c00000|100%| O|  |TAMS 0x0000000705c00000| PB 0x0000000705a00000| Untracked 
|  19|0x0000000705c00000, 0x0000000705e00000, 0x0000000705e00000|100%| O|  |TAMS 0x0000000705e00000| PB 0x0000000705c00000| Untracked 
|  20|0x0000000705e00000, 0x0000000706000000, 0x0000000706000000|100%| O|  |TAMS 0x0000000706000000| PB 0x0000000705e00000| Untracked 
|  21|0x0000000706000000, 0x0000000706200000, 0x0000000706200000|100%| O|  |TAMS 0x0000000706200000| PB 0x0000000706000000| Untracked 
|  22|0x0000000706200000, 0x0000000706400000, 0x0000000706400000|100%| O|  |TAMS 0x0000000706400000| PB 0x0000000706200000| Untracked 
|  23|0x0000000706400000, 0x0000000706600000, 0x0000000706600000|100%| O|  |TAMS 0x0000000706600000| PB 0x0000000706400000| Untracked 
|  24|0x0000000706600000, 0x0000000706800000, 0x0000000706800000|100%| O|  |TAMS 0x0000000706800000| PB 0x0000000706600000| Untracked 
|  25|0x0000000706800000, 0x0000000706a00000, 0x0000000706a00000|100%| O|  |TAMS 0x0000000706a00000| PB 0x0000000706800000| Untracked 
|  26|0x0000000706a00000, 0x0000000706c00000, 0x0000000706c00000|100%| O|  |TAMS 0x0000000706c00000| PB 0x0000000706a00000| Untracked 
|  27|0x0000000706c00000, 0x0000000706e00000, 0x0000000706e00000|100%| O|  |TAMS 0x0000000706e00000| PB 0x0000000706c00000| Untracked 
|  28|0x0000000706e00000, 0x0000000707000000, 0x0000000707000000|100%| O|  |TAMS 0x0000000707000000| PB 0x0000000706e00000| Untracked 
|  29|0x0000000707000000, 0x0000000707200000, 0x0000000707200000|100%| O|  |TAMS 0x0000000707200000| PB 0x0000000707000000| Untracked 
|  30|0x0000000707200000, 0x0000000707400000, 0x0000000707400000|100%|HS|  |TAMS 0x0000000707400000| PB 0x0000000707200000| Complete 
|  31|0x0000000707400000, 0x0000000707600000, 0x0000000707600000|100%|HC|  |TAMS 0x0000000707600000| PB 0x0000000707400000| Complete 
|  32|0x0000000707600000, 0x0000000707800000, 0x0000000707800000|100%|HS|  |TAMS 0x0000000707800000| PB 0x0000000707600000| Complete 
|  33|0x0000000707800000, 0x0000000707a00000, 0x0000000707a00000|100%|HC|  |TAMS 0x0000000707a00000| PB 0x0000000707800000| Complete 
|  34|0x0000000707a00000, 0x0000000707c00000, 0x0000000707c00000|100%| O|  |TAMS 0x0000000707c00000| PB 0x0000000707a00000| Untracked 
|  35|0x0000000707c00000, 0x0000000707e00000, 0x0000000707e00000|100%|HS|  |TAMS 0x0000000707e00000| PB 0x0000000707c00000| Complete 
|  36|0x0000000707e00000, 0x0000000708000000, 0x0000000708000000|100%| O|  |TAMS 0x0000000708000000| PB 0x0000000707e00000| Untracked 
|  37|0x0000000708000000, 0x0000000708200000, 0x0000000708200000|100%| O|  |TAMS 0x0000000708200000| PB 0x0000000708000000| Untracked 
|  38|0x0000000708200000, 0x0000000708400000, 0x0000000708400000|100%| O|  |TAMS 0x0000000708400000| PB 0x0000000708200000| Untracked 
|  39|0x0000000708400000, 0x0000000708600000, 0x0000000708600000|100%| O|  |TAMS 0x0000000708600000| PB 0x0000000708400000| Untracked 
|  40|0x0000000708600000, 0x0000000708800000, 0x0000000708800000|100%| O|  |TAMS 0x0000000708800000| PB 0x0000000708600000| Untracked 
|  41|0x0000000708800000, 0x0000000708a00000, 0x0000000708a00000|100%| O|  |TAMS 0x0000000708a00000| PB 0x0000000708800000| Untracked 
|  42|0x0000000708a00000, 0x0000000708a7ed48, 0x0000000708c00000| 24%| O|  |TAMS 0x0000000708a7ed48| PB 0x0000000708a00000| Untracked 
|  43|0x0000000708c00000, 0x0000000708c00000, 0x0000000708e00000|  0%| F|  |TAMS 0x0000000708c00000| PB 0x0000000708c00000| Untracked 
|  44|0x0000000708e00000, 0x0000000708e00000, 0x0000000709000000|  0%| F|  |TAMS 0x0000000708e00000| PB 0x0000000708e00000| Untracked 
|  45|0x0000000709000000, 0x0000000709000000, 0x0000000709200000|  0%| F|  |TAMS 0x0000000709000000| PB 0x0000000709000000| Untracked 
|  46|0x0000000709200000, 0x0000000709200000, 0x0000000709400000|  0%| F|  |TAMS 0x0000000709200000| PB 0x0000000709200000| Untracked 
|  47|0x0000000709400000, 0x0000000709400000, 0x0000000709600000|  0%| F|  |TAMS 0x0000000709400000| PB 0x0000000709400000| Untracked 
|  48|0x0000000709600000, 0x0000000709600000, 0x0000000709800000|  0%| F|  |TAMS 0x0000000709600000| PB 0x0000000709600000| Untracked 
|  49|0x0000000709800000, 0x0000000709800000, 0x0000000709a00000|  0%| F|  |TAMS 0x0000000709800000| PB 0x0000000709800000| Untracked 
|  50|0x0000000709a00000, 0x0000000709a00000, 0x0000000709c00000|  0%| F|  |TAMS 0x0000000709a00000| PB 0x0000000709a00000| Untracked 
|  51|0x0000000709c00000, 0x0000000709c00000, 0x0000000709e00000|  0%| F|  |TAMS 0x0000000709c00000| PB 0x0000000709c00000| Untracked 
|  52|0x0000000709e00000, 0x0000000709e00000, 0x000000070a000000|  0%| F|  |TAMS 0x0000000709e00000| PB 0x0000000709e00000| Untracked 
|  53|0x000000070a000000, 0x000000070a000000, 0x000000070a200000|  0%| F|  |TAMS 0x000000070a000000| PB 0x000000070a000000| Untracked 
|  54|0x000000070a200000, 0x000000070a200000, 0x000000070a400000|  0%| F|  |TAMS 0x000000070a200000| PB 0x000000070a200000| Untracked 
|  55|0x000000070a400000, 0x000000070a400000, 0x000000070a600000|  0%| F|  |TAMS 0x000000070a400000| PB 0x000000070a400000| Untracked 
|  56|0x000000070a600000, 0x000000070a600000, 0x000000070a800000|  0%| F|  |TAMS 0x000000070a600000| PB 0x000000070a600000| Untracked 
|  57|0x000000070a800000, 0x000000070a8a0c00, 0x000000070aa00000| 31%| S|CS|TAMS 0x000000070a800000| PB 0x000000070a800000| Complete 
|  58|0x000000070aa00000, 0x000000070ac00000, 0x000000070ac00000|100%| S|CS|TAMS 0x000000070aa00000| PB 0x000000070aa00000| Complete 
|  59|0x000000070ac00000, 0x000000070ae00000, 0x000000070ae00000|100%| S|CS|TAMS 0x000000070ac00000| PB 0x000000070ac00000| Complete 
|  60|0x000000070ae00000, 0x000000070ae00000, 0x000000070b000000|  0%| F|  |TAMS 0x000000070ae00000| PB 0x000000070ae00000| Untracked 
|  61|0x000000070b000000, 0x000000070b000000, 0x000000070b200000|  0%| F|  |TAMS 0x000000070b000000| PB 0x000000070b000000| Untracked 
|  62|0x000000070b200000, 0x000000070b200000, 0x000000070b400000|  0%| F|  |TAMS 0x000000070b200000| PB 0x000000070b200000| Untracked 
|  63|0x000000070b400000, 0x000000070b400000, 0x000000070b600000|  0%| F|  |TAMS 0x000000070b400000| PB 0x000000070b400000| Untracked 
|  64|0x000000070b600000, 0x000000070b600000, 0x000000070b800000|  0%| F|  |TAMS 0x000000070b600000| PB 0x000000070b600000| Untracked 
|  65|0x000000070b800000, 0x000000070b800000, 0x000000070ba00000|  0%| F|  |TAMS 0x000000070b800000| PB 0x000000070b800000| Untracked 
|  66|0x000000070ba00000, 0x000000070ba00000, 0x000000070bc00000|  0%| F|  |TAMS 0x000000070ba00000| PB 0x000000070ba00000| Untracked 
|  67|0x000000070bc00000, 0x000000070bc00000, 0x000000070be00000|  0%| F|  |TAMS 0x000000070bc00000| PB 0x000000070bc00000| Untracked 
|  68|0x000000070be00000, 0x000000070be00000, 0x000000070c000000|  0%| F|  |TAMS 0x000000070be00000| PB 0x000000070be00000| Untracked 
|  69|0x000000070c000000, 0x000000070c000000, 0x000000070c200000|  0%| F|  |TAMS 0x000000070c000000| PB 0x000000070c000000| Untracked 
|  70|0x000000070c200000, 0x000000070c200000, 0x000000070c400000|  0%| F|  |TAMS 0x000000070c200000| PB 0x000000070c200000| Untracked 
|  71|0x000000070c400000, 0x000000070c400000, 0x000000070c600000|  0%| F|  |TAMS 0x000000070c400000| PB 0x000000070c400000| Untracked 
|  72|0x000000070c600000, 0x000000070c600000, 0x000000070c800000|  0%| F|  |TAMS 0x000000070c600000| PB 0x000000070c600000| Untracked 
|  73|0x000000070c800000, 0x000000070c800000, 0x000000070ca00000|  0%| F|  |TAMS 0x000000070c800000| PB 0x000000070c800000| Untracked 
|  74|0x000000070ca00000, 0x000000070ca00000, 0x000000070cc00000|  0%| F|  |TAMS 0x000000070ca00000| PB 0x000000070ca00000| Untracked 
|  75|0x000000070cc00000, 0x000000070cc00000, 0x000000070ce00000|  0%| F|  |TAMS 0x000000070cc00000| PB 0x000000070cc00000| Untracked 
|  76|0x000000070ce00000, 0x000000070ce00000, 0x000000070d000000|  0%| F|  |TAMS 0x000000070ce00000| PB 0x000000070ce00000| Untracked 
|  77|0x000000070d000000, 0x000000070d000000, 0x000000070d200000|  0%| F|  |TAMS 0x000000070d000000| PB 0x000000070d000000| Untracked 
|  78|0x000000070d200000, 0x000000070d200000, 0x000000070d400000|  0%| F|  |TAMS 0x000000070d200000| PB 0x000000070d200000| Untracked 
|  79|0x000000070d400000, 0x000000070d400000, 0x000000070d600000|  0%| F|  |TAMS 0x000000070d400000| PB 0x000000070d400000| Untracked 
|  80|0x000000070d600000, 0x000000070d600000, 0x000000070d800000|  0%| F|  |TAMS 0x000000070d600000| PB 0x000000070d600000| Untracked 
|  81|0x000000070d800000, 0x000000070d800000, 0x000000070da00000|  0%| F|  |TAMS 0x000000070d800000| PB 0x000000070d800000| Untracked 
|  82|0x000000070da00000, 0x000000070da00000, 0x000000070dc00000|  0%| F|  |TAMS 0x000000070da00000| PB 0x000000070da00000| Untracked 
|  83|0x000000070dc00000, 0x000000070dc00000, 0x000000070de00000|  0%| F|  |TAMS 0x000000070dc00000| PB 0x000000070dc00000| Untracked 
|  84|0x000000070de00000, 0x000000070de00000, 0x000000070e000000|  0%| F|  |TAMS 0x000000070de00000| PB 0x000000070de00000| Untracked 
|  85|0x000000070e000000, 0x000000070e000000, 0x000000070e200000|  0%| F|  |TAMS 0x000000070e000000| PB 0x000000070e000000| Untracked 
|  86|0x000000070e200000, 0x000000070e200000, 0x000000070e400000|  0%| F|  |TAMS 0x000000070e200000| PB 0x000000070e200000| Untracked 
|  87|0x000000070e400000, 0x000000070e400000, 0x000000070e600000|  0%| F|  |TAMS 0x000000070e400000| PB 0x000000070e400000| Untracked 
|  88|0x000000070e600000, 0x000000070e600000, 0x000000070e800000|  0%| F|  |TAMS 0x000000070e600000| PB 0x000000070e600000| Untracked 
|  89|0x000000070e800000, 0x000000070e800000, 0x000000070ea00000|  0%| F|  |TAMS 0x000000070e800000| PB 0x000000070e800000| Untracked 
|  90|0x000000070ea00000, 0x000000070ea00000, 0x000000070ec00000|  0%| F|  |TAMS 0x000000070ea00000| PB 0x000000070ea00000| Untracked 
|  91|0x000000070ec00000, 0x000000070ec00000, 0x000000070ee00000|  0%| F|  |TAMS 0x000000070ec00000| PB 0x000000070ec00000| Untracked 
|  92|0x000000070ee00000, 0x000000070ee00000, 0x000000070f000000|  0%| F|  |TAMS 0x000000070ee00000| PB 0x000000070ee00000| Untracked 
| 115|0x0000000711c00000, 0x0000000711c00000, 0x0000000711e00000|  0%| F|  |TAMS 0x0000000711c00000| PB 0x0000000711c00000| Untracked 
| 116|0x0000000711e00000, 0x0000000711e00000, 0x0000000712000000|  0%| F|  |TAMS 0x0000000711e00000| PB 0x0000000711e00000| Untracked 
| 117|0x0000000712000000, 0x0000000712000000, 0x0000000712200000|  0%| F|  |TAMS 0x0000000712000000| PB 0x0000000712000000| Untracked 
| 118|0x0000000712200000, 0x0000000712200000, 0x0000000712400000|  0%| F|  |TAMS 0x0000000712200000| PB 0x0000000712200000| Untracked 
| 119|0x0000000712400000, 0x0000000712400000, 0x0000000712600000|  0%| F|  |TAMS 0x0000000712400000| PB 0x0000000712400000| Untracked 
| 120|0x0000000712600000, 0x0000000712600000, 0x0000000712800000|  0%| F|  |TAMS 0x0000000712600000| PB 0x0000000712600000| Untracked 
| 126|0x0000000713200000, 0x0000000713200000, 0x0000000713400000|  0%| F|  |TAMS 0x0000000713200000| PB 0x0000000713200000| Untracked 
|2009|0x00000007fe800000, 0x00000007fea00000, 0x00000007fea00000|100%| O|  |TAMS 0x00000007fea00000| PB 0x00000007fe800000| Untracked 
|2010|0x00000007fea00000, 0x00000007fec00000, 0x00000007fec00000|100%| O|  |TAMS 0x00000007fec00000| PB 0x00000007fea00000| Untracked 
|2011|0x00000007fec00000, 0x00000007fee00000, 0x00000007fee00000|100%| O|  |TAMS 0x00000007fee00000| PB 0x00000007fec00000| Untracked 
|2012|0x00000007fee00000, 0x00000007ff000000, 0x00000007ff000000|100%| O|  |TAMS 0x00000007ff000000| PB 0x00000007fee00000| Untracked 
|2013|0x00000007ff000000, 0x00000007ff200000, 0x00000007ff200000|100%| O|  |TAMS 0x00000007ff200000| PB 0x00000007ff000000| Untracked 
|2014|0x00000007ff200000, 0x00000007ff400000, 0x00000007ff400000|100%| O|  |TAMS 0x00000007ff400000| PB 0x00000007ff200000| Untracked 
|2015|0x00000007ff400000, 0x00000007ff600000, 0x00000007ff600000|100%| O|  |TAMS 0x00000007ff600000| PB 0x00000007ff400000| Untracked 
|2016|0x00000007ff600000, 0x00000007ff800000, 0x00000007ff800000|100%| O|  |TAMS 0x00000007ff800000| PB 0x00000007ff600000| Untracked 
|2017|0x00000007ff800000, 0x00000007ffa00000, 0x00000007ffa00000|100%| O|  |TAMS 0x00000007ffa00000| PB 0x00000007ff800000| Untracked 
|2018|0x00000007ffa00000, 0x00000007ffc00000, 0x00000007ffc00000|100%| O|  |TAMS 0x00000007ffc00000| PB 0x00000007ffa00000| Untracked 
|2019|0x00000007ffc00000, 0x00000007ffe00000, 0x00000007ffe00000|100%| O|  |TAMS 0x00000007ffe00000| PB 0x00000007ffc00000| Untracked 
|2020|0x00000007ffe00000, 0x0000000800000000, 0x0000000800000000|100%| O|  |TAMS 0x0000000800000000| PB 0x00000007ffe00000| Untracked 

Card table byte_map: [0x0000029965630000,0x0000029965e20000] _byte_map_base: 0x0000029961e15000

Marking Bits: (CMBitMap*) 0x000002994cd7b7d0
 Bits: [0x0000029965e20000, 0x0000029969d48000)

Polling page: 0x000002994cdb0000

Metaspace:

Usage:
  Non-class:     39.13 MB used.
      Class:      4.87 MB used.
       Both:     44.00 MB used.

Virtual space:
  Non-class space:       64.00 MB reserved,      39.44 MB ( 62%) committed,  1 nodes.
      Class space:        1.00 GB reserved,       5.12 MB ( <1%) committed,  1 nodes.
             Both:        1.06 GB reserved,      44.56 MB (  4%) committed. 

Chunk freelists:
   Non-Class:  7.73 MB
       Class:  10.70 MB
        Both:  18.43 MB

MaxMetaspaceSize: unlimited
CompressedClassSpaceSize: 1.00 GB
Initial GC threshold: 21.00 MB
Current GC threshold: 58.69 MB
CDS: on
 - commit_granule_bytes: 65536.
 - commit_granule_words: 8192.
 - virtual_space_node_default_size: 8388608.
 - enlarge_chunks_in_place: 1.
 - use_allocation_guard: 0.


Internal statistics:

num_allocs_failed_limit: 6.
num_arena_births: 664.
num_arena_deaths: 6.
num_vsnodes_births: 2.
num_vsnodes_deaths: 0.
num_space_committed: 713.
num_space_uncommitted: 0.
num_chunks_returned_to_freelist: 15.
num_chunks_taken_from_freelist: 2029.
num_chunk_merges: 6.
num_chunk_splits: 1364.
num_chunks_enlarged: 1002.
num_inconsistent_stats: 0.

CodeHeap 'non-profiled nmethods': size=120000Kb used=8284Kb max_used=8284Kb free=111715Kb
 bounds [0x000002995cc70000, 0x000002995d490000, 0x00000299641a0000]
CodeHeap 'profiled nmethods': size=120000Kb used=18165Kb max_used=18165Kb free=101835Kb
 bounds [0x00000299551a0000, 0x0000029956370000, 0x000002995c6d0000]
CodeHeap 'non-nmethods': size=5760Kb used=1766Kb max_used=1822Kb free=3993Kb
 bounds [0x000002995c6d0000, 0x000002995c940000, 0x000002995cc70000]
 total_blobs=9183 nmethods=8547 adapters=540
 compilation: enabled
              stopped_count=0, restarted_count=0
 full_count=0

Compilation events (20 events):
Event: 18.267 Thread 0x000002996cabde90 9352   !   4       org.apache.maven.model.building.DefaultModelBuilder::importDependencyManagement (1104 bytes)
Event: 18.278 Thread 0x0000029971317410 9353       4       java.io.File::<init> (111 bytes)
Event: 18.300 Thread 0x0000029971317410 nmethod 9353 0x000002995d482790 code [0x000002995d4829e0, 0x000002995d4832f0]
Event: 18.335 Thread 0x0000029971317410 9354       4       sun.nio.cs.StreamDecoder::implRead (232 bytes)
Event: 18.352 Thread 0x0000029971317410 nmethod 9354 0x000002995d483a90 code [0x000002995d483ce0, 0x000002995d484520]
Event: 18.352 Thread 0x0000029971317410 9355   !   4       org.apache.maven.model.Resource::clone (51 bytes)
Event: 18.354 Thread 0x000002996cac2880 9356       3       org.apache.maven.model.Resource::<init> (5 bytes)
Event: 18.355 Thread 0x000002996cac2880 nmethod 9356 0x000002995635e190 code [0x000002995635e340, 0x000002995635e568]
Event: 18.355 Thread 0x000002996cac2880 9357       3       org.apache.maven.model.FileSet::<init> (5 bytes)
Event: 18.355 Thread 0x000002996cac2880 nmethod 9357 0x000002995635e690 code [0x000002995635e840, 0x000002995635ea08]
Event: 18.359 Thread 0x0000029971317410 nmethod 9355 0x000002995d484e10 code [0x000002995d485020, 0x000002995d4858d8]
Event: 18.370 Thread 0x000002996cac2880 9358       3       org.apache.maven.model.io.xpp3.MavenXpp3Reader::parseOrganization (192 bytes)
Event: 18.370 Thread 0x0000029971317410 9359       4       org.apache.maven.model.ModelBase::addProperty (11 bytes)
Event: 18.372 Thread 0x000002996cac2880 nmethod 9358 0x000002995635eb10 code [0x000002995635eea0, 0x0000029956360310]
Event: 18.376 Thread 0x0000029971317410 nmethod 9359 0x000002995d485c10 code [0x000002995d485de0, 0x000002995d486488]
Event: 18.389 Thread 0x000002996cac2880 9360       3       org.apache.maven.model.CiManagement::getNotifiers (23 bytes)
Event: 18.390 Thread 0x000002996cac2880 nmethod 9360 0x0000029956360c10 code [0x0000029956360de0, 0x00000299563611e0]
Event: 18.390 Thread 0x0000029971317410 9361       4       org.eclipse.aether.resolution.ArtifactDescriptorResult::<init> (75 bytes)
Event: 18.402 Thread 0x0000029971317410 nmethod 9361 0x000002995d486690 code [0x000002995d486860, 0x000002995d487118]
Event: 18.405 Thread 0x0000029971317410 9362       4       org.apache.maven.model.merge.ModelMerger::mergeModelBase (73 bytes)

GC Heap History (20 events):
Event: 9.545 GC heap after
{Heap after GC invocations=13 (full 0):
 garbage-first heap   total 104448K, used 39031K [0x0000000703600000, 0x0000000800000000)
  region size 2048K, 4 young (8192K), 4 survivors (8192K)
 Metaspace       used 28379K, committed 28928K, reserved 1114112K
  class space    used 3074K, committed 3328K, reserved 1048576K
}
Event: 9.660 GC heap before
{Heap before GC invocations=13 (full 0):
 garbage-first heap   total 104448K, used 86135K [0x0000000703600000, 0x0000000800000000)
  region size 2048K, 27 young (55296K), 4 survivors (8192K)
 Metaspace       used 29143K, committed 29696K, reserved 1114112K
  class space    used 3152K, committed 3392K, reserved 1048576K
}
Event: 9.674 GC heap after
{Heap after GC invocations=14 (full 0):
 garbage-first heap   total 104448K, used 36525K [0x0000000703600000, 0x0000000800000000)
  region size 2048K, 2 young (4096K), 2 survivors (4096K)
 Metaspace       used 29143K, committed 29696K, reserved 1114112K
  class space    used 3152K, committed 3392K, reserved 1048576K
}
Event: 9.793 GC heap before
{Heap before GC invocations=14 (full 0):
 garbage-first heap   total 104448K, used 87725K [0x0000000703600000, 0x0000000800000000)
  region size 2048K, 28 young (57344K), 2 survivors (4096K)
 Metaspace       used 30456K, committed 30976K, reserved 1114112K
  class space    used 3275K, committed 3520K, reserved 1048576K
}
Event: 9.803 GC heap after
{Heap after GC invocations=15 (full 0):
 garbage-first heap   total 147456K, used 38308K [0x0000000703600000, 0x0000000800000000)
  region size 2048K, 3 young (6144K), 3 survivors (6144K)
 Metaspace       used 30456K, committed 30976K, reserved 1114112K
  class space    used 3275K, committed 3520K, reserved 1048576K
}
Event: 10.117 GC heap before
{Heap before GC invocations=15 (full 0):
 garbage-first heap   total 147456K, used 118180K [0x0000000703600000, 0x0000000800000000)
  region size 2048K, 43 young (88064K), 3 survivors (6144K)
 Metaspace       used 31898K, committed 32384K, reserved 1114112K
  class space    used 3476K, committed 3712K, reserved 1048576K
}
Event: 10.123 GC heap after
{Heap after GC invocations=16 (full 0):
 garbage-first heap   total 147456K, used 39191K [0x0000000703600000, 0x0000000800000000)
  region size 2048K, 4 young (8192K), 4 survivors (8192K)
 Metaspace       used 31898K, committed 32384K, reserved 1114112K
  class space    used 3476K, committed 3712K, reserved 1048576K
}
Event: 10.451 GC heap before
{Heap before GC invocations=16 (full 0):
 garbage-first heap   total 147456K, used 119063K [0x0000000703600000, 0x0000000800000000)
  region size 2048K, 43 young (88064K), 4 survivors (8192K)
 Metaspace       used 32004K, committed 32640K, reserved 1114112K
  class space    used 3485K, committed 3776K, reserved 1048576K
}
Event: 10.460 GC heap after
{Heap after GC invocations=17 (full 0):
 garbage-first heap   total 147456K, used 42148K [0x0000000703600000, 0x0000000800000000)
  region size 2048K, 5 young (10240K), 5 survivors (10240K)
 Metaspace       used 32004K, committed 32640K, reserved 1114112K
  class space    used 3485K, committed 3776K, reserved 1048576K
}
Event: 11.130 GC heap before
{Heap before GC invocations=17 (full 0):
 garbage-first heap   total 147456K, used 58532K [0x0000000703600000, 0x0000000800000000)
  region size 2048K, 14 young (28672K), 5 survivors (10240K)
 Metaspace       used 35443K, committed 35968K, reserved 1114112K
  class space    used 3891K, committed 4096K, reserved 1048576K
}
Event: 11.139 GC heap after
{Heap after GC invocations=18 (full 0):
 garbage-first heap   total 147456K, used 40845K [0x0000000703600000, 0x0000000800000000)
  region size 2048K, 4 young (8192K), 4 survivors (8192K)
 Metaspace       used 35443K, committed 35968K, reserved 1114112K
  class space    used 3891K, committed 4096K, reserved 1048576K
}
Event: 12.791 GC heap before
{Heap before GC invocations=19 (full 0):
 garbage-first heap   total 147456K, used 120717K [0x0000000703600000, 0x0000000800000000)
  region size 2048K, 43 young (88064K), 4 survivors (8192K)
 Metaspace       used 36207K, committed 36736K, reserved 1114112K
  class space    used 3960K, committed 4224K, reserved 1048576K
}
Event: 12.813 GC heap after
{Heap after GC invocations=20 (full 0):
 garbage-first heap   total 212992K, used 66971K [0x0000000703600000, 0x0000000800000000)
  region size 2048K, 6 young (12288K), 6 survivors (12288K)
 Metaspace       used 36207K, committed 36736K, reserved 1114112K
  class space    used 3960K, committed 4224K, reserved 1048576K
}
Event: 14.729 GC heap before
{Heap before GC invocations=20 (full 0):
 garbage-first heap   total 212992K, used 187803K [0x0000000703600000, 0x0000000800000000)
  region size 2048K, 59 young (120832K), 6 survivors (12288K)
 Metaspace       used 43940K, committed 44480K, reserved 1114112K
  class space    used 4861K, committed 5120K, reserved 1048576K
}
Event: 15.755 GC heap after
{Heap after GC invocations=21 (full 0):
 garbage-first heap   total 229376K, used 104447K [0x0000000703600000, 0x0000000800000000)
  region size 2048K, 8 young (16384K), 8 survivors (16384K)
 Metaspace       used 43940K, committed 44480K, reserved 1114112K
  class space    used 4861K, committed 5120K, reserved 1048576K
}
Event: 17.338 GC heap before
{Heap before GC invocations=21 (full 0):
 garbage-first heap   total 229376K, used 184319K [0x0000000703600000, 0x0000000800000000)
  region size 2048K, 47 young (96256K), 8 survivors (16384K)
 Metaspace       used 45038K, committed 45568K, reserved 1114112K
  class space    used 4987K, committed 5248K, reserved 1048576K
}
Event: 17.354 GC heap after
{Heap after GC invocations=22 (full 0):
 garbage-first heap   total 229376K, used 112110K [0x0000000703600000, 0x0000000800000000)
  region size 2048K, 6 young (12288K), 6 survivors (12288K)
 Metaspace       used 45038K, committed 45568K, reserved 1114112K
  class space    used 4987K, committed 5248K, reserved 1048576K
}
Event: 17.914 GC heap before
{Heap before GC invocations=22 (full 0):
 garbage-first heap   total 229376K, used 187886K [0x0000000703600000, 0x0000000800000000)
  region size 2048K, 43 young (88064K), 6 survivors (12288K)
 Metaspace       used 45050K, committed 45632K, reserved 1114112K
  class space    used 4987K, committed 5248K, reserved 1048576K
}
Event: 17.921 GC heap after
{Heap after GC invocations=23 (full 0):
 garbage-first heap   total 229376K, used 114338K [0x0000000703600000, 0x0000000800000000)
  region size 2048K, 2 young (4096K), 2 survivors (4096K)
 Metaspace       used 45050K, committed 45632K, reserved 1114112K
  class space    used 4987K, committed 5248K, reserved 1048576K
}
Event: 18.511 GC heap before
{Heap before GC invocations=23 (full 0):
 garbage-first heap   total 229376K, used 192162K [0x0000000703600000, 0x0000000800000000)
  region size 2048K, 40 young (81920K), 2 survivors (4096K)
 Metaspace       used 45054K, committed 45632K, reserved 1114112K
  class space    used 4988K, committed 5248K, reserved 1048576K
}

Dll operation events (14 events):
Event: 0.015 Loaded shared library C:\Program Files\Java\jdk-21\bin\java.dll
Event: 0.059 Loaded shared library C:\Program Files\Java\jdk-21\bin\jsvml.dll
Event: 0.119 Loaded shared library C:\Program Files\Java\jdk-21\bin\zip.dll
Event: 0.124 Loaded shared library C:\Program Files\Java\jdk-21\bin\instrument.dll
Event: 0.131 Loaded shared library C:\Program Files\Java\jdk-21\bin\net.dll
Event: 0.133 Loaded shared library C:\Program Files\Java\jdk-21\bin\nio.dll
Event: 0.138 Loaded shared library C:\Program Files\Java\jdk-21\bin\zip.dll
Event: 0.168 Loaded shared library C:\Program Files\Java\jdk-21\bin\extnet.dll
Event: 0.238 Loaded shared library C:\Program Files\Java\jdk-21\bin\jimage.dll
Event: 0.300 Loaded shared library C:\Program Files\Java\jdk-21\bin\management.dll
Event: 0.321 Loaded shared library C:\Program Files\Java\jdk-21\bin\management_ext.dll
Event: 0.406 Loaded shared library C:\Users\acer\AppData\Local\Temp\jansi-2.4.1-c054bf1af5c47769-jansi.dll
Event: 0.424 Loaded shared library C:\Program Files\Java\jdk-21\bin\verify.dll
Event: 10.730 Loaded shared library C:\Program Files\Java\jdk-21\bin\sunmscapi.dll

Deoptimization events (20 events):
Event: 18.007 Thread 0x000002994b1f7520 DEOPT PACKING pc=0x0000029955708263 sp=0x000000c0c99fb910
Event: 18.007 Thread 0x000002994b1f7520 DEOPT UNPACKING pc=0x000002995c7288e2 sp=0x000000c0c99fadf0 mode 0
Event: 18.132 Thread 0x000002994b1f7520 Uncommon trap: trap_request=0xffffffbe fr.pc=0x000002995d45fcc8 relative=0x0000000000006128
Event: 18.132 Thread 0x000002994b1f7520 Uncommon trap: reason=profile_predicate action=maybe_recompile pc=0x000002995d45fcc8 method=org.apache.maven.model.building.DefaultModelBuilder.importDependencyManagement(Lorg/apache/maven/model/Model;Lorg/apache/maven/model/building/ModelBuildingRequest;
Event: 18.132 Thread 0x000002994b1f7520 DEOPT PACKING pc=0x000002995d45fcc8 sp=0x000000c0c99fc290
Event: 18.132 Thread 0x000002994b1f7520 DEOPT UNPACKING pc=0x000002995c727da2 sp=0x000000c0c99fc290 mode 2
Event: 18.134 Thread 0x000002994b1f7520 Uncommon trap: trap_request=0xffffffbe fr.pc=0x000002995d45fcc8 relative=0x0000000000006128
Event: 18.135 Thread 0x000002994b1f7520 Uncommon trap: reason=profile_predicate action=maybe_recompile pc=0x000002995d45fcc8 method=org.apache.maven.model.building.DefaultModelBuilder.importDependencyManagement(Lorg/apache/maven/model/Model;Lorg/apache/maven/model/building/ModelBuildingRequest;
Event: 18.135 Thread 0x000002994b1f7520 DEOPT PACKING pc=0x000002995d45fcc8 sp=0x000000c0c99fc290
Event: 18.135 Thread 0x000002994b1f7520 DEOPT UNPACKING pc=0x000002995c727da2 sp=0x000000c0c99fc290 mode 2
Event: 18.136 Thread 0x000002994b1f7520 DEOPT PACKING pc=0x0000029955708263 sp=0x000000c0c99fc630
Event: 18.136 Thread 0x000002994b1f7520 DEOPT UNPACKING pc=0x000002995c7288e2 sp=0x000000c0c99fbb10 mode 0
Event: 18.139 Thread 0x000002994b1f7520 Uncommon trap: trap_request=0xffffffbe fr.pc=0x000002995d45fcc8 relative=0x0000000000006128
Event: 18.139 Thread 0x000002994b1f7520 Uncommon trap: reason=profile_predicate action=maybe_recompile pc=0x000002995d45fcc8 method=org.apache.maven.model.building.DefaultModelBuilder.importDependencyManagement(Lorg/apache/maven/model/Model;Lorg/apache/maven/model/building/ModelBuildingRequest;
Event: 18.139 Thread 0x000002994b1f7520 DEOPT PACKING pc=0x000002995d45fcc8 sp=0x000000c0c99fc920
Event: 18.139 Thread 0x000002994b1f7520 DEOPT UNPACKING pc=0x000002995c727da2 sp=0x000000c0c99fc920 mode 2
Event: 18.144 Thread 0x000002994b1f7520 Uncommon trap: trap_request=0xffffffbe fr.pc=0x000002995d45fcc8 relative=0x0000000000006128
Event: 18.144 Thread 0x000002994b1f7520 Uncommon trap: reason=profile_predicate action=maybe_recompile pc=0x000002995d45fcc8 method=org.apache.maven.model.building.DefaultModelBuilder.importDependencyManagement(Lorg/apache/maven/model/Model;Lorg/apache/maven/model/building/ModelBuildingRequest;
Event: 18.144 Thread 0x000002994b1f7520 DEOPT PACKING pc=0x000002995d45fcc8 sp=0x000000c0c99fc6f0
Event: 18.144 Thread 0x000002994b1f7520 DEOPT UNPACKING pc=0x000002995c727da2 sp=0x000000c0c99fc6f0 mode 2

Classes loaded (20 events):
Event: 16.534 Loading class jdk/internal/jrtfs/JrtDirectoryStream$1
Event: 16.534 Loading class jdk/internal/jrtfs/JrtDirectoryStream$1 done
Event: 16.563 Loading class java/nio/file/FileTreeWalker$1
Event: 16.563 Loading class java/nio/file/FileTreeWalker$1 done
Event: 16.648 Loading class java/util/stream/ReduceOps$1
Event: 16.648 Loading class java/util/stream/ReduceOps$1 done
Event: 16.649 Loading class java/util/stream/ReduceOps$1ReducingSink
Event: 16.650 Loading class java/util/stream/ReduceOps$1ReducingSink done
Event: 16.689 Loading class java/util/function/ToIntBiFunction
Event: 16.689 Loading class java/util/function/ToIntBiFunction done
Event: 16.698 Loading class java/util/EnumMap$Values
Event: 16.698 Loading class java/util/EnumMap$Values done
Event: 16.698 Loading class java/util/EnumMap$ValueIterator
Event: 16.699 Loading class java/util/EnumMap$EnumMapIterator
Event: 16.699 Loading class java/util/EnumMap$EnumMapIterator done
Event: 16.699 Loading class java/util/EnumMap$ValueIterator done
Event: 16.708 Loading class java/util/WeakHashMap$KeyIterator
Event: 16.708 Loading class java/util/WeakHashMap$HashIterator
Event: 16.709 Loading class java/util/WeakHashMap$HashIterator done
Event: 16.709 Loading class java/util/WeakHashMap$KeyIterator done

Classes unloaded (3 events):
Event: 11.166 Thread 0x000002996c52d310 Unloading class 0x0000029901311400 'java/lang/invoke/LambdaForm$DMH+0x0000029901311400'
Event: 11.166 Thread 0x000002996c52d310 Unloading class 0x0000029901311000 'java/lang/invoke/LambdaForm$DMH+0x0000029901311000'
Event: 11.166 Thread 0x000002996c52d310 Unloading class 0x0000029901310800 'java/lang/invoke/LambdaForm$DMH+0x0000029901310800'

Classes redefined (0 events):
No events

Internal exceptions (20 events):
Event: 16.616 Thread 0x000002994b1f7520 Exception <a 'sun/nio/fs/WindowsException'{0x000000070d2776c8}> (0x000000070d2776c8) 
thrown [s\open\src\hotspot\share\prims\jni.cpp, line 520]
Event: 16.616 Thread 0x000002994b1f7520 Exception <a 'sun/nio/fs/WindowsException'{0x000000070d278370}> (0x000000070d278370) 
thrown [s\open\src\hotspot\share\prims\jni.cpp, line 520]
Event: 16.616 Thread 0x000002994b1f7520 Exception <a 'sun/nio/fs/WindowsException'{0x000000070d279d30}> (0x000000070d279d30) 
thrown [s\open\src\hotspot\share\prims\jni.cpp, line 520]
Event: 16.616 Thread 0x000002994b1f7520 Exception <a 'sun/nio/fs/WindowsException'{0x000000070d27cd48}> (0x000000070d27cd48) 
thrown [s\open\src\hotspot\share\prims\jni.cpp, line 520]
Event: 16.617 Thread 0x000002994b1f7520 Exception <a 'sun/nio/fs/WindowsException'{0x000000070d282b18}> (0x000000070d282b18) 
thrown [s\open\src\hotspot\share\prims\jni.cpp, line 520]
Event: 16.617 Thread 0x000002994b1f7520 Exception <a 'sun/nio/fs/WindowsException'{0x000000070d2837f0}> (0x000000070d2837f0) 
thrown [s\open\src\hotspot\share\prims\jni.cpp, line 520]
Event: 16.622 Thread 0x000002994b1f7520 Exception <a 'sun/nio/fs/WindowsException'{0x000000070d2afb68}> (0x000000070d2afb68) 
thrown [s\open\src\hotspot\share\prims\jni.cpp, line 520]
Event: 16.622 Thread 0x000002994b1f7520 Exception <a 'sun/nio/fs/WindowsException'{0x000000070d2ce260}> (0x000000070d2ce260) 
thrown [s\open\src\hotspot\share\prims\jni.cpp, line 520]
Event: 16.624 Thread 0x000002994b1f7520 Exception <a 'sun/nio/fs/WindowsException'{0x000000070d320cd0}> (0x000000070d320cd0) 
thrown [s\open\src\hotspot\share\prims\jni.cpp, line 520]
Event: 16.625 Thread 0x000002994b1f7520 Exception <a 'sun/nio/fs/WindowsException'{0x000000070d321938}> (0x000000070d321938) 
thrown [s\open\src\hotspot\share\prims\jni.cpp, line 520]
Event: 16.626 Thread 0x000002994b1f7520 Exception <a 'sun/nio/fs/WindowsException'{0x000000070d3245a8}> (0x000000070d3245a8) 
thrown [s\open\src\hotspot\share\prims\jni.cpp, line 520]
Event: 16.626 Thread 0x000002994b1f7520 Exception <a 'sun/nio/fs/WindowsException'{0x000000070d3250e8}> (0x000000070d3250e8) 
thrown [s\open\src\hotspot\share\prims\jni.cpp, line 520]
Event: 16.626 Thread 0x000002994b1f7520 Exception <a 'sun/nio/fs/WindowsException'{0x000000070d325e80}> (0x000000070d325e80) 
thrown [s\open\src\hotspot\share\prims\jni.cpp, line 520]
Event: 16.626 Thread 0x000002994b1f7520 Exception <a 'sun/nio/fs/WindowsException'{0x000000070d326a98}> (0x000000070d326a98) 
thrown [s\open\src\hotspot\share\prims\jni.cpp, line 520]
Event: 16.643 Thread 0x000002994b1f7520 Exception <a 'sun/nio/fs/WindowsException'{0x000000070d3e9158}> (0x000000070d3e9158) 
thrown [s\open\src\hotspot\share\prims\jni.cpp, line 520]
Event: 16.643 Thread 0x000002994b1f7520 Exception <a 'sun/nio/fs/WindowsException'{0x000000070d3ea3f8}> (0x000000070d3ea3f8) 
thrown [s\open\src\hotspot\share\prims\jni.cpp, line 520]
Event: 16.643 Thread 0x000002994b1f7520 Exception <a 'sun/nio/fs/WindowsException'{0x000000070d3eb930}> (0x000000070d3eb930) 
thrown [s\open\src\hotspot\share\prims\jni.cpp, line 520]
Event: 16.643 Thread 0x000002994b1f7520 Exception <a 'sun/nio/fs/WindowsException'{0x000000070d3ec5d8}> (0x000000070d3ec5d8) 
thrown [s\open\src\hotspot\share\prims\jni.cpp, line 520]
Event: 17.082 Thread 0x000002997228e920 Exception <a 'sun/nio/fs/WindowsException'{0x000000070cc00858}> (0x000000070cc00858) 
thrown [s\open\src\hotspot\share\prims\jni.cpp, line 520]
Event: 17.108 Thread 0x000002994b1f7520 Exception <a 'sun/nio/fs/WindowsException'{0x000000070c8b8ec8}> (0x000000070c8b8ec8) 
thrown [s\open\src\hotspot\share\prims\jni.cpp, line 520]

ZGC Phase Switch (0 events):
No events

VM Operations (20 events):
Event: 13.583 Executing VM operation: HandshakeAllThreads (Deoptimize) done
Event: 13.648 Executing VM operation: HandshakeAllThreads (Deoptimize)
Event: 13.649 Executing VM operation: HandshakeAllThreads (Deoptimize) done
Event: 14.010 Executing VM operation: HandshakeAllThreads (Deoptimize)
Event: 14.010 Executing VM operation: HandshakeAllThreads (Deoptimize) done
Event: 14.011 Executing VM operation: HandshakeAllThreads (Deoptimize)
Event: 14.011 Executing VM operation: HandshakeAllThreads (Deoptimize) done
Event: 14.729 Executing VM operation: G1CollectForAllocation (G1 Evacuation Pause)
Event: 15.755 Executing VM operation: G1CollectForAllocation (G1 Evacuation Pause) done
Event: 16.563 Executing VM operation: HandshakeAllThreads (Deoptimize)
Event: 16.563 Executing VM operation: HandshakeAllThreads (Deoptimize) done
Event: 16.649 Executing VM operation: HandshakeAllThreads (Deoptimize)
Event: 16.649 Executing VM operation: HandshakeAllThreads (Deoptimize) done
Event: 17.070 Executing VM operation: ICBufferFull
Event: 17.070 Executing VM operation: ICBufferFull done
Event: 17.338 Executing VM operation: G1CollectForAllocation (G1 Evacuation Pause)
Event: 17.354 Executing VM operation: G1CollectForAllocation (G1 Evacuation Pause) done
Event: 17.914 Executing VM operation: G1CollectForAllocation (G1 Evacuation Pause)
Event: 17.921 Executing VM operation: G1CollectForAllocation (G1 Evacuation Pause) done
Event: 18.511 Executing VM operation: G1CollectForAllocation (G1 Evacuation Pause)

Events (20 events):
Event: 11.179 Thread 0x000002996c52d310 flushing nmethod 0x0000029955900010
Event: 11.179 Thread 0x000002996c52d310 flushing nmethod 0x000002995590a110
Event: 11.179 Thread 0x000002996c52d310 flushing nmethod 0x000002995593fe10
Event: 11.179 Thread 0x000002996c52d310 flushing nmethod 0x000002995598db90
Event: 11.179 Thread 0x000002996c52d310 flushing nmethod 0x000002995598e590
Event: 11.179 Thread 0x000002996c52d310 flushing nmethod 0x00000299559fed10
Event: 11.179 Thread 0x000002996c52d310 flushing nmethod 0x0000029955a62190
Event: 11.179 Thread 0x000002996c52d310 flushing nmethod 0x0000029955a62890
Event: 11.179 Thread 0x000002996c52d310 flushing nmethod 0x0000029955b4fa90
Event: 12.112 Thread 0x0000029971317410 Thread exited: 0x0000029971317410
Event: 12.112 Thread 0x000002996ce2dec0 Thread exited: 0x000002996ce2dec0
Event: 12.671 Thread 0x0000029971317410 Thread added: 0x0000029971317410
Event: 12.703 Thread 0x00000299727708c0 Thread added: 0x00000299727708c0
Event: 16.370 Thread 0x00000299727708c0 Thread exited: 0x00000299727708c0
Event: 16.608 Thread 0x0000029974be27c0 Thread added: 0x0000029974be27c0
Event: 17.021 Thread 0x0000029974be27c0 Thread exited: 0x0000029974be27c0
Event: 17.067 Thread 0x0000029971317410 Thread exited: 0x0000029971317410
Event: 17.088 Thread 0x0000029971317410 Thread added: 0x0000029971317410
Event: 17.088 Thread 0x0000029976cc1270 Thread added: 0x0000029976cc1270
Event: 18.335 Thread 0x0000029976cc1270 Thread exited: 0x0000029976cc1270


Dynamic libraries:
0x00007ff63a9b0000 - 0x00007ff63a9c0000 	C:\Program Files\Java\jdk-21\bin\java.exe
0x00007ffea3dc0000 - 0x00007ffea4023000 	C:\WINDOWS\SYSTEM32\ntdll.dll
0x00007ffea2110000 - 0x00007ffea21d7000 	C:\WINDOWS\System32\KERNEL32.DLL
0x00007ffea1460000 - 0x00007ffea1829000 	C:\WINDOWS\System32\KERNELBASE.dll
0x0000000069240000 - 0x0000000069570000 	C:\Program Files\Norton Security\NortonData\22.21.5.49\Definitions\IPSDefs\20221121.061\IPSEng64.dll
0x00007ffea27e0000 - 0x00007ffea2892000 	C:\WINDOWS\System32\ADVAPI32.dll
0x00007ffea1be0000 - 0x00007ffea1c89000 	C:\WINDOWS\System32\msvcrt.dll
0x00007ffea2290000 - 0x00007ffea2336000 	C:\WINDOWS\System32\sechost.dll
0x00007ffea2e70000 - 0x00007ffea2f86000 	C:\WINDOWS\System32\RPCRT4.dll
0x00007ffea2b70000 - 0x00007ffea2b78000 	C:\WINDOWS\System32\PSAPI.DLL
0x00007ffea0ff0000 - 0x00007ffea113c000 	C:\WINDOWS\System32\ucrtbase.dll
0x00007ffe98380000 - 0x00007ffe9839b000 	C:\Program Files\Java\jdk-21\bin\VCRUNTIME140.dll
0x00007ffe983a0000 - 0x00007ffe983b9000 	C:\Program Files\Java\jdk-21\bin\jli.dll
0x00007ffea28a0000 - 0x00007ffea2a6a000 	C:\WINDOWS\System32\USER32.dll
0x00007ffea0fc0000 - 0x00007ffea0fe7000 	C:\WINDOWS\System32\win32u.dll
0x00007ffe889d0000 - 0x00007ffe88c60000 	C:\WINDOWS\WinSxS\amd64_microsoft.windows.common-controls_6595b64144ccf1df_6.0.26100.3323_none_3e088096e3344490\COMCTL32.dll
0x00007ffea3d50000 - 0x00007ffea3d7a000 	C:\WINDOWS\System32\GDI32.dll
0x00007ffea11d0000 - 0x00007ffea1301000 	C:\WINDOWS\System32\gdi32full.dll
0x00007ffea1310000 - 0x00007ffea13b3000 	C:\WINDOWS\System32\msvcp_win.dll
0x00007ffe96150000 - 0x00007ffe9615b000 	C:\WINDOWS\SYSTEM32\VERSION.dll
0x00007ffea2d20000 - 0x00007ffea2d4f000 	C:\WINDOWS\System32\IMM32.DLL
0x00007ffe986e0000 - 0x00007ffe986ec000 	C:\Program Files\Java\jdk-21\bin\vcruntime140_1.dll
0x00007ffe38af0000 - 0x00007ffe38b7e000 	C:\Program Files\Java\jdk-21\bin\msvcp140.dll
0x00007ffe23f80000 - 0x00007ffe24c9a000 	C:\Program Files\Java\jdk-21\bin\server\jvm.dll
0x00007ffea2af0000 - 0x00007ffea2b64000 	C:\WINDOWS\System32\WS2_32.dll
0x00007ffe9fc20000 - 0x00007ffe9fc6e000 	C:\WINDOWS\SYSTEM32\POWRPROF.dll
0x00007ffe8aff0000 - 0x00007ffe8b026000 	C:\WINDOWS\SYSTEM32\WINMM.dll
0x00007ffe9fc00000 - 0x00007ffe9fc14000 	C:\WINDOWS\SYSTEM32\UMPDC.dll
0x00007ffe9fed0000 - 0x00007ffe9feea000 	C:\WINDOWS\SYSTEM32\kernel.appcore.dll
0x00007ffe98370000 - 0x00007ffe9837a000 	C:\Program Files\Java\jdk-21\bin\jimage.dll
0x00007ffe9e760000 - 0x00007ffe9e9a1000 	C:\WINDOWS\SYSTEM32\DBGHELP.DLL
0x00007ffea1cf0000 - 0x00007ffea2072000 	C:\WINDOWS\System32\combase.dll
0x00007ffea2700000 - 0x00007ffea27d6000 	C:\WINDOWS\System32\OLEAUT32.dll
0x00007ffe88990000 - 0x00007ffe889c9000 	C:\WINDOWS\SYSTEM32\dbgcore.DLL
0x00007ffea13c0000 - 0x00007ffea1459000 	C:\WINDOWS\System32\bcryptPrimitives.dll
0x00007ffe98a30000 - 0x00007ffe98a3f000 	C:\Program Files\Java\jdk-21\bin\instrument.dll
0x00007ffe97fa0000 - 0x00007ffe97fbf000 	C:\Program Files\Java\jdk-21\bin\java.dll
0x00007ffea2f90000 - 0x00007ffea36a5000 	C:\WINDOWS\System32\SHELL32.dll
0x00007ffea19b0000 - 0x00007ffea1b18000 	C:\WINDOWS\System32\wintypes.dll
0x00007ffe9ec80000 - 0x00007ffe9f4c5000 	C:\WINDOWS\SYSTEM32\windows.storage.dll
0x00007ffea3c60000 - 0x00007ffea3d4b000 	C:\WINDOWS\System32\SHCORE.dll
0x00007ffea1c90000 - 0x00007ffea1ced000 	C:\WINDOWS\System32\shlwapi.dll
0x00007ffea0ed0000 - 0x00007ffea0eff000 	C:\WINDOWS\SYSTEM32\profapi.dll
0x00007ffe2aea0000 - 0x00007ffe2af77000 	C:\Program Files\Java\jdk-21\bin\jsvml.dll
0x00007ffe8ee20000 - 0x00007ffe8ee38000 	C:\Program Files\Java\jdk-21\bin\zip.dll
0x00007ffe98360000 - 0x00007ffe98370000 	C:\Program Files\Java\jdk-21\bin\net.dll
0x00007ffe99330000 - 0x00007ffe9944e000 	C:\WINDOWS\SYSTEM32\WINHTTP.dll
0x00007ffea0410000 - 0x00007ffea047a000 	C:\WINDOWS\system32\mswsock.dll
0x00007ffe8ee40000 - 0x00007ffe8ee56000 	C:\Program Files\Java\jdk-21\bin\nio.dll
0x00007ffe8ee00000 - 0x00007ffe8ee09000 	C:\Program Files\Java\jdk-21\bin\extnet.dll
0x00007ffe9f950000 - 0x00007ffe9fa75000 	C:\WINDOWS\SYSTEM32\DNSAPI.dll
0x00007ffe9f8b0000 - 0x00007ffe9f8e3000 	C:\WINDOWS\SYSTEM32\IPHLPAPI.DLL
0x00007ffea2e60000 - 0x00007ffea2e6a000 	C:\WINDOWS\System32\NSI.dll
0x00007ffe986d0000 - 0x00007ffe986db000 	C:\Windows\System32\rasadhlp.dll
0x00007ffe97f10000 - 0x00007ffe97f95000 	C:\WINDOWS\System32\fwpuclnt.dll
0x00007ffe98910000 - 0x00007ffe9891a000 	C:\Program Files\Java\jdk-21\bin\management.dll
0x00007ffe98900000 - 0x00007ffe9890b000 	C:\Program Files\Java\jdk-21\bin\management_ext.dll
0x00007ffe98450000 - 0x00007ffe98474000 	C:\Users\acer\AppData\Local\Temp\jansi-2.4.1-c054bf1af5c47769-jansi.dll
0x00007ffe8b9c0000 - 0x00007ffe8b9d0000 	C:\Program Files\Java\jdk-21\bin\verify.dll
0x00007ffea06b0000 - 0x00007ffea06cc000 	C:\WINDOWS\SYSTEM32\CRYPTSP.dll
0x00007ffe9fe30000 - 0x00007ffe9fe6a000 	C:\WINDOWS\system32\rsaenh.dll
0x00007ffea04b0000 - 0x00007ffea04db000 	C:\WINDOWS\SYSTEM32\USERENV.dll
0x00007ffea0880000 - 0x00007ffea08a6000 	C:\WINDOWS\SYSTEM32\bcrypt.dll
0x00007ffea06d0000 - 0x00007ffea06dc000 	C:\WINDOWS\SYSTEM32\CRYPTBASE.dll
0x00007ffe79d90000 - 0x00007ffe79da8000 	C:\WINDOWS\system32\napinsp.dll
0x00007ffe79b30000 - 0x00007ffe79b42000 	C:\WINDOWS\System32\winrnr.dll
0x00007ffe79a10000 - 0x00007ffe79a32000 	C:\WINDOWS\system32\nlansp_c.dll
0x00007ffe985f0000 - 0x00007ffe98606000 	C:\WINDOWS\system32\wshbth.dll
0x00007ffe838f0000 - 0x00007ffe8393e000 	C:\WINDOWS\SYSTEM32\pdh.dll
0x00007ffe8eb90000 - 0x00007ffe8eba2000 	C:\WINDOWS\System32\perfproc.dll
0x00007ffe76a10000 - 0x00007ffe76a21000 	C:\WINDOWS\System32\perfos.dll
0x00007ffe9de80000 - 0x00007ffe9de92000 	C:\WINDOWS\SYSTEM32\pfclient.dll
0x00007ffe98480000 - 0x00007ffe9848e000 	C:\Program Files\Java\jdk-21\bin\sunmscapi.dll
0x00007ffea1830000 - 0x00007ffea19a7000 	C:\WINDOWS\System32\CRYPT32.dll
0x00007ffea0840000 - 0x00007ffea0870000 	C:\WINDOWS\SYSTEM32\ncrypt.dll
0x00007ffea07f0000 - 0x00007ffea082f000 	C:\WINDOWS\SYSTEM32\NTASN1.dll

dbghelp: loaded successfully - version: 4.0.5 - missing functions: none
symbol engine: initialized successfully - sym options: 0x614 - pdb path: .;C:\Program Files\Java\jdk-21\bin;C:\WINDOWS\SYSTEM32;C:\Program Files\Norton Security\NortonData\22.21.5.49\Definitions\IPSDefs\20221121.061;C:\WINDOWS\WinSxS\amd64_microsoft.windows.common-controls_6595b64144ccf1df_6.0.26100.3323_none_3e088096e3344490;C:\Program Files\Java\jdk-21\bin\server;C:\Users\acer\AppData\Local\Temp

VM Arguments:
jvm_args: -Dmaven.multiModuleProjectDirectory=C:\Users\acer\IdeaProjects\perpustakaan -Djansi.passthrough=true -Dmaven.home=C:\Users\acer\.m2\wrapper\dists\apache-maven-3.9.9-bin\4nf9hui3q3djbarqar9g711ggc\apache-maven-3.9.9 -Dclassworlds.conf=C:\Users\acer\.m2\wrapper\dists\apache-maven-3.9.9-bin\4nf9hui3q3djbarqar9g711ggc\apache-maven-3.9.9\bin\m2.conf -javaagent:C:\Program Files\JetBrains\IntelliJ IDEA 2024.3.5\lib\idea_rt.jar=53017 -Dfile.encoding=UTF-8 -Dsun.stdout.encoding=UTF-8 -Dsun.stderr.encoding=UTF-8 
java_command: org.codehaus.classworlds.Launcher -Didea.version=2024.3.5 quarkus:dev
java_class_path (initial): C:\Users\acer\.m2\wrapper\dists\apache-maven-3.9.9-bin\4nf9hui3q3djbarqar9g711ggc\apache-maven-3.9.9\boot\plexus-classworlds-2.8.0.jar;C:\Users\acer\.m2\wrapper\dists\apache-maven-3.9.9-bin\4nf9hui3q3djbarqar9g711ggc\apache-maven-3.9.9\boot\plexus-classworlds.license
Launcher Type: SUN_STANDARD

[Global flags]
     intx CICompilerCount                          = 4                                         {product} {ergonomic}
     uint ConcGCThreads                            = 3                                         {product} {ergonomic}
     uint G1ConcRefinementThreads                  = 10                                        {product} {ergonomic}
   size_t G1HeapRegionSize                         = 2097152                                   {product} {ergonomic}
    uintx GCDrainStackTargetSize                   = 64                                        {product} {ergonomic}
   size_t InitialHeapSize                          = 266338304                                 {product} {ergonomic}
   size_t MarkStackSize                            = 4194304                                   {product} {ergonomic}
   size_t MaxHeapSize                              = 4238344192                                {product} {ergonomic}
   size_t MaxNewSize                               = 2541748224                                {product} {ergonomic}
   size_t MinHeapDeltaBytes                        = 2097152                                   {product} {ergonomic}
   size_t MinHeapSize                              = 8388608                                   {product} {ergonomic}
    uintx NonNMethodCodeHeapSize                   = 5839372                                {pd product} {ergonomic}
    uintx NonProfiledCodeHeapSize                  = 122909434                              {pd product} {ergonomic}
    uintx ProfiledCodeHeapSize                     = 122909434                              {pd product} {ergonomic}
    uintx ReservedCodeCacheSize                    = 251658240                              {pd product} {ergonomic}
     bool SegmentedCodeCache                       = true                                      {product} {ergonomic}
   size_t SoftMaxHeapSize                          = 4238344192                             {manageable} {ergonomic}
     bool UseCompressedOops                        = true                           {product lp64_product} {ergonomic}
     bool UseG1GC                                  = true                                      {product} {ergonomic}
     bool UseLargePagesIndividualAllocation        = false                                  {pd product} {ergonomic}

Logging:
Log output configuration:
 #0: stdout all=warning uptime,level,tags foldmultilines=false
 #1: stderr all=off uptime,level,tags foldmultilines=false

Environment Variables:
PATH=C:\Program Files (x86)\VMware\VMware Player\bin\;C:\Program Files\Common Files\Oracle\Java\javapath;C:\Program Files (x86)\Common Files\Oracle\Java\javapath;C:\Program Files (x86)\Common Files\Intel\Shared Files\cpp\bin\Intel64;C:\Program Files\Eclipse Adoptium\jdk-17.0.4.101-hotspot\bin;C:\Windows\system32;C:\Windows;C:\Windows\System32\Wbem;C:\Windows\System32\WindowsPowerShell\v1.0\;C:\Windows\System32\OpenSSH\;C:\Program Files (x86)\NVIDIA Corporation\PhysX\Common;C:\Program Files\NVIDIA Corporation\NVIDIA NvDLISR;C:\Program Files\Git\cmd;C:\Program Files\Docker\Docker\resources\bin;C:\WINDOWS\system32;C:\WINDOWS;C:\WINDOWS\System32\Wbem;C:\WINDOWS\System32\WindowsPowerShell\v1.0\;C:\WINDOWS\System32\OpenSSH\;C:\Program Files\PuTTY\;C:\xampp\php;C:\composer;C:\WebServer\php8.3.1;C:\Program Files\MySQL\MySQL Server 8.0\bin;C:\Program Files\nodejs\;C:\Program Files\Microsoft SQL Server\Client SDK\ODBC\170\Tools\Binn\;C:\Program Files (x86)\Microsoft SQL Server\150\Tools\Binn\;C:\Program Files\Microsoft SQL Server\150\Tools\Binn\;C:\Program Files\Microsoft SQL Server\150\DTS\Binn\;C:\Program Files (x86)\Microsoft SQL Server\160\DTS\Binn\;C:\Users\acer\AppData\Local\Microsoft\WindowsApps;C:\Users\acer\AppData\Local\Programs\Microsoft VS Code\bin;C:\Users\acer\AppData\Roaming\Composer\vendor\bin;c:\xampp\php;D:\Flutter\flutter\bin;C:\Program Files\nodejs\;C:\Users\acer\AppData\Roaming\npm;C:\apache-maven-3.9.9\bin;C:\Program Files\Java\jdk-21\bin;;C:\Program Files\JetBrains\IntelliJ IDEA 2024.3.5\bin;
USERNAME=acer
OS=Windows_NT
PROCESSOR_IDENTIFIER=Intel64 Family 6 Model 141 Stepping 1, GenuineIntel
TMP=C:\Users\acer\AppData\Local\Temp
TEMP=C:\Users\acer\AppData\Local\Temp




Periodic native trim disabled

---------------  S Y S T E M  ---------------

OS:
 Windows 11 , 64 bit Build 26100 (10.0.26100.3323)
OS uptime: 1 days 5:06 hours
Hyper-V role detected

CPU: total 12 (initial active 12) (6 cores per cpu, 2 threads per core) family 6 model 141 stepping 1 microcode 0x3c, cx8, cmov, fxsr, ht, mmx, 3dnowpref, sse, sse2, sse3, ssse3, sse4.1, sse4.2, popcnt, lzcnt, tsc, tscinvbit, avx, avx2, aes, erms, clmul, bmi1, bmi2, adx, avx512f, avx512dq, avx512cd, avx512bw, avx512vl, sha, fma, vzeroupper, avx512_vpopcntdq, avx512_vpclmulqdq, avx512_vaes, avx512_vnni, clflush, clflushopt, clwb, avx512_vbmi2, avx512_vbmi, hv, rdtscp, rdpid, fsrm, gfni, avx512_bitalg, f16c, cet_ibt, cet_ss, avx512_ifma
Processor Information for processor 0
  Max Mhz: 2688, Current Mhz: 995, Mhz Limit: 2688
Processor Information for processor 1
  Max Mhz: 2688, Current Mhz: 995, Mhz Limit: 2688
Processor Information for processor 2
  Max Mhz: 2688, Current Mhz: 2688, Mhz Limit: 2688
Processor Information for processor 3
  Max Mhz: 2688, Current Mhz: 2688, Mhz Limit: 2688
Processor Information for processor 4
  Max Mhz: 2688, Current Mhz: 995, Mhz Limit: 2688
Processor Information for processor 5
  Max Mhz: 2688, Current Mhz: 995, Mhz Limit: 2688
Processor Information for processor 6
  Max Mhz: 2688, Current Mhz: 2688, Mhz Limit: 2688
Processor Information for processor 7
  Max Mhz: 2688, Current Mhz: 995, Mhz Limit: 2688
Processor Information for processor 8
  Max Mhz: 2688, Current Mhz: 2688, Mhz Limit: 2688
Processor Information for processor 9
  Max Mhz: 2688, Current Mhz: 2688, Mhz Limit: 2688
Processor Information for processor 10
  Max Mhz: 2688, Current Mhz: 995, Mhz Limit: 2688
Processor Information for processor 11
  Max Mhz: 2688, Current Mhz: 995, Mhz Limit: 2688

Memory: 4k page, system-wide physical 16163M (3611M free)
TotalPageFile size 16163M (AvailPageFile size 62M)
current process WorkingSet (physical memory assigned to process): 426M, peak: 467M
current process commit charge ("private bytes"): 470M, peak: 542M

vm_info: Java HotSpot(TM) 64-Bit Server VM (21.0.6+8-LTS-188) for windows-amd64 JRE (21.0.6+8-LTS-188), built on 2024-12-03T10:50:54Z by "mach5one" with MS VC++ 17.6 (VS2022)

END.
