#
# There is insufficient memory for the Java Runtime Environment to continue.
# Native memory allocation (malloc) failed to allocate 1114448 bytes for Chunk::new
# Possible reasons:
#   The system is out of physical RAM or swap space
#   The process is running with CompressedOops enabled, and the Java Heap may be blocking the growth of the native heap
# Possible solutions:
#   Reduce memory load on the system
#   Increase physical memory or swap space
#   Check if swap backing store is full
#   Decrease Java heap size (-Xmx/-Xms)
#   Decrease number of Java threads
#   Decrease Java thread stack sizes (-Xss)
#   Set larger code cache with -XX:ReservedCodeCacheSize=
#   JVM is running with Zero Based Compressed Oops mode in which the Java heap is
#     placed in the first 32GB address space. The Java Heap base address is the
#     maximum limit for the native heap growth. Please use -XX:HeapBaseMinAddress
#     to set the Java Heap base and to place the Java Heap above 32GB virtual address.
# This output file may be truncated or incomplete.
#
#  Out of Memory Error (arena.cpp:168), pid=1120, tid=7184
#
# JRE version: Java(TM) SE Runtime Environment (21.0.6+8) (build 21.0.6+8-LTS-188)
# Java VM: Java HotSpot(TM) 64-Bit Server VM (21.0.6+8-LTS-188, mixed mode, sharing, tiered, compressed oops, compressed class ptrs, g1 gc, windows-amd64)
# No core dump will be written. Minidumps are not enabled by default on client versions of Windows
#

---------------  S U M M A R Y ------------

Command Line: -Dmaven.multiModuleProjectDirectory=C:\Users\acer\IdeaProjects\perpustakaan -Djansi.passthrough=true -Dmaven.home=C:\Users\acer\.m2\wrapper\dists\apache-maven-3.9.9-bin\4nf9hui3q3djbarqar9g711ggc\apache-maven-3.9.9 -Dclassworlds.conf=C:\Users\acer\.m2\wrapper\dists\apache-maven-3.9.9-bin\4nf9hui3q3djbarqar9g711ggc\apache-maven-3.9.9\bin\m2.conf -javaagent:C:\Program Files\JetBrains\IntelliJ IDEA 2024.3.5\lib\idea_rt.jar=53089 -Dfile.encoding=UTF-8 -Dsun.stdout.encoding=UTF-8 -Dsun.stderr.encoding=UTF-8 org.codehaus.classworlds.Launcher -Didea.version=2024.3.5 quarkus:dev

Host: 11th Gen Intel(R) Core(TM) i5-11400H @ 2.70GHz, 12 cores, 15G,  Windows 11 , 64 bit Build 26100 (10.0.26100.3323)
Time: Wed Apr  9 16:43:24 2025 SE Asia Standard Time elapsed time: 7.289362 seconds (0d 0h 0m 7s)

---------------  T H R E A D  ---------------

Current thread (0x0000021c1b33e7b0):  JavaThread "C2 CompilerThread2" daemon [_thread_in_native, id=7184, stack(0x00000085ee600000,0x00000085ee700000) (1024K)]


Current CompileTask:
C2:   7289 3181   !   4       java.net.URL::<init> (543 bytes)

Stack: [0x00000085ee600000,0x00000085ee700000]
Native frames: (J=compiled Java code, j=interpreted, Vv=VM code, C=native code)
V  [jvm.dll+0x6ca6d9]
V  [jvm.dll+0x854f51]
V  [jvm.dll+0x85747e]
V  [jvm.dll+0x857b53]
V  [jvm.dll+0x27dcc6]
V  [jvm.dll+0xc4c2d]
V  [jvm.dll+0xc5163]
V  [jvm.dll+0x3b515c]
V  [jvm.dll+0x381855]
V  [jvm.dll+0x380cca]
V  [jvm.dll+0x246920]
V  [jvm.dll+0x245eff]
V  [jvm.dll+0x1c6d2e]
V  [jvm.dll+0x2554f9]
V  [jvm.dll+0x253a8a]
V  [jvm.dll+0x3ee576]
V  [jvm.dll+0x7ff2fb]
V  [jvm.dll+0x6c8dbd]
C  [ucrtbase.dll+0x37b0]
C  [KERNEL32.DLL+0x2e8d7]
C  [ntdll.dll+0xbbf6c]


---------------  P R O C E S S  ---------------

Threads class SMR info:
_java_thread_list=0x0000021c627b0230, length=19, elements={
0x0000021c78ae6ff0, 0x0000021c1b311ae0, 0x0000021c1b3135a0, 0x0000021c1b3190e0,
0x0000021c1b31e070, 0x0000021c1b328e30, 0x0000021c1b32d9e0, 0x0000021c1b3326e0,
0x0000021c1b3409c0, 0x0000021c1b4283b0, 0x0000021c1b5bdeb0, 0x0000021c1b5d04d0,
0x0000021c1b341760, 0x0000021c1b33e7b0, 0x0000021c1b5cea90, 0x0000021c1b5d0b60,
0x0000021c1b5d11f0, 0x0000021c1b5d1880, 0x0000021c1b5cf7b0
}

Java Threads: ( => current thread )
  0x0000021c78ae6ff0 JavaThread "main"                              [_thread_in_vm, id=16748, stack(0x00000085ed200000,0x00000085ed300000) (1024K)]
  0x0000021c1b311ae0 JavaThread "Reference Handler"          daemon [_thread_blocked, id=26296, stack(0x00000085eda00000,0x00000085edb00000) (1024K)]
  0x0000021c1b3135a0 JavaThread "Finalizer"                  daemon [_thread_blocked, id=25900, stack(0x00000085edb00000,0x00000085edc00000) (1024K)]
  0x0000021c1b3190e0 JavaThread "Signal Dispatcher"          daemon [_thread_blocked, id=12988, stack(0x00000085edc00000,0x00000085edd00000) (1024K)]
  0x0000021c1b31e070 JavaThread "Attach Listener"            daemon [_thread_blocked, id=4976, stack(0x00000085edd00000,0x00000085ede00000) (1024K)]
  0x0000021c1b328e30 JavaThread "Service Thread"             daemon [_thread_blocked, id=1928, stack(0x00000085ede00000,0x00000085edf00000) (1024K)]
  0x0000021c1b32d9e0 JavaThread "Monitor Deflation Thread"   daemon [_thread_blocked, id=11280, stack(0x00000085edf00000,0x00000085ee000000) (1024K)]
  0x0000021c1b3326e0 JavaThread "C2 CompilerThread0"         daemon [_thread_blocked, id=25672, stack(0x00000085ee000000,0x00000085ee100000) (1024K)]
  0x0000021c1b3409c0 JavaThread "C1 CompilerThread0"         daemon [_thread_blocked, id=5124, stack(0x00000085ee100000,0x00000085ee200000) (1024K)]
  0x0000021c1b4283b0 JavaThread "Common-Cleaner"             daemon [_thread_blocked, id=14284, stack(0x00000085ee200000,0x00000085ee300000) (1024K)]
  0x0000021c1b5bdeb0 JavaThread "Monitor Ctrl-Break"         daemon [_thread_in_native, id=10316, stack(0x00000085ee300000,0x00000085ee400000) (1024K)]
  0x0000021c1b5d04d0 JavaThread "Notification Thread"        daemon [_thread_blocked, id=25028, stack(0x00000085ee400000,0x00000085ee500000) (1024K)]
  0x0000021c1b341760 JavaThread "C2 CompilerThread1"         daemon [_thread_blocked, id=7304, stack(0x00000085ee500000,0x00000085ee600000) (1024K)]
=>0x0000021c1b33e7b0 JavaThread "C2 CompilerThread2"         daemon [_thread_in_native, id=7184, stack(0x00000085ee600000,0x00000085ee700000) (1024K)]
  0x0000021c1b5cea90 JavaThread "RMI TCP Accept-0"           daemon [_thread_in_native, id=18008, stack(0x00000085ee700000,0x00000085ee800000) (1024K)]
  0x0000021c1b5d0b60 JavaThread "RMI TCP Connection(1)-192.168.249.1" daemon [_thread_in_native, id=23160, stack(0x00000085ee800000,0x00000085ee900000) (1024K)]
  0x0000021c1b5d11f0 JavaThread "RMI Scheduler(0)"           daemon [_thread_blocked, id=28280, stack(0x00000085ee900000,0x00000085eea00000) (1024K)]
  0x0000021c1b5d1880 JavaThread "JMX server connection timeout 37" daemon [_thread_blocked, id=16792, stack(0x00000085ef300000,0x00000085ef400000) (1024K)]
  0x0000021c1b5cf7b0 JavaThread "Thread-1"                   daemon [_thread_blocked, id=2392, stack(0x00000085ef400000,0x00000085ef500000) (1024K)]
Total: 19

Other Threads:
  0x0000021c1b2f86b0 VMThread "VM Thread"                           [id=20844, stack(0x00000085ed900000,0x00000085eda00000) (1024K)] _threads_hazard_ptr=0x0000021c627b0230
  0x0000021c7ebc1ab0 WatcherThread "VM Periodic Task Thread"        [id=27400, stack(0x00000085ed800000,0x00000085ed900000) (1024K)]
  0x0000021c7ae0c0b0 WorkerThread "GC Thread#0"                     [id=21060, stack(0x00000085ed300000,0x00000085ed400000) (1024K)]
  0x0000021c6146acc0 WorkerThread "GC Thread#1"                     [id=1752, stack(0x00000085eea00000,0x00000085eeb00000) (1024K)]
  0x0000021c6146b060 WorkerThread "GC Thread#2"                     [id=22000, stack(0x00000085eeb00000,0x00000085eec00000) (1024K)]
  0x0000021c6159a220 WorkerThread "GC Thread#3"                     [id=12912, stack(0x00000085eec00000,0x00000085eed00000) (1024K)]
  0x0000021c615c0110 WorkerThread "GC Thread#4"                     [id=16536, stack(0x00000085eed00000,0x00000085eee00000) (1024K)]
  0x0000021c615c04b0 WorkerThread "GC Thread#5"                     [id=8220, stack(0x00000085eee00000,0x00000085eef00000) (1024K)]
  0x0000021c615c0850 WorkerThread "GC Thread#6"                     [id=26560, stack(0x00000085eef00000,0x00000085ef000000) (1024K)]
  0x0000021c615c0bf0 WorkerThread "GC Thread#7"                     [id=5948, stack(0x00000085ef000000,0x00000085ef100000) (1024K)]
  0x0000021c615c0f90 WorkerThread "GC Thread#8"                     [id=14076, stack(0x00000085ef100000,0x00000085ef200000) (1024K)]
  0x0000021c615bfd70 WorkerThread "GC Thread#9"                     [id=22600, stack(0x00000085ef200000,0x00000085ef300000) (1024K)]
  0x0000021c7ae1cc30 ConcurrentGCThread "G1 Main Marker"            [id=26768, stack(0x00000085ed400000,0x00000085ed500000) (1024K)]
  0x0000021c7ae1f620 WorkerThread "G1 Conc#0"                       [id=23056, stack(0x00000085ed500000,0x00000085ed600000) (1024K)]
  0x0000021c7ea91990 ConcurrentGCThread "G1 Refine#0"               [id=2996, stack(0x00000085ed600000,0x00000085ed700000) (1024K)]
  0x0000021c7ea952d0 ConcurrentGCThread "G1 Service"                [id=22816, stack(0x00000085ed700000,0x00000085ed800000) (1024K)]
Total: 16

Threads with active compile tasks:
C2 CompilerThread2     7338 3181   !   4       java.net.URL::<init> (543 bytes)
Total: 1

VM state: synchronizing (normal execution)

VM Mutex/Monitor currently owned by a thread:  ([mutex/lock_event])
[0x00007ffe24bbbe18] Metaspace_lock - owner thread: 0x0000021c78ae6ff0
[0x00007ffe24bbde98] Threads_lock - owner thread: 0x0000021c1b2f86b0

Heap address: 0x0000000703600000, size: 4042 MB, Compressed Oops mode: Zero based, Oop shift amount: 3

CDS archive(s) mapped at: [0x0000021c1c000000-0x0000021c1cc90000-0x0000021c1cc90000), size 13172736, SharedBaseAddress: 0x0000021c1c000000, ArchiveRelocationMode: 1.
Compressed class space mapped at: 0x0000021c1d000000-0x0000021c5d000000, reserved size: 1073741824
Narrow klass base: 0x0000021c1c000000, Narrow klass shift: 0, Narrow klass range: 0x100000000

GC Precious Log:
 CardTable entry size: 512
 Card Set container configuration: InlinePtr #cards 4 size 8 Array Of Cards #cards 16 size 48 Howl #buckets 8 coarsen threshold 3686 Howl Bitmap #cards 512 size 80 coarsen threshold 460 Card regions per heap region 1 cards per card region 4096
 CPUs: 12 total, 12 available
 Memory: 16163M
 Large Page Support: Disabled
 NUMA Support: Disabled
 Compressed Oops: Enabled (Zero based)
 Heap Region Size: 2M
 Heap Min Capacity: 8M
 Heap Initial Capacity: 254M
 Heap Max Capacity: 4042M
 Pre-touch: Disabled
 Parallel Workers: 10
 Concurrent Workers: 3
 Concurrent Refinement Workers: 10
 Periodic GC: Disabled

Heap:
 garbage-first heap   total 260096K, used 41348K [0x0000000703600000, 0x0000000800000000)
  region size 2048K, 19 young (38912K), 1 survivors (2048K)
 Metaspace       used 18994K, committed 19328K, reserved 1114112K
  class space    used 2236K, committed 2368K, reserved 1048576K

Heap Regions: E=young(eden), S=young(survivor), O=old, HS=humongous(starts), HC=humongous(continues), CS=collection set, F=free, TAMS=top-at-mark-start, PB=parsable bottom
|   0|0x0000000703600000, 0x0000000703800000, 0x0000000703800000|100%| O|  |TAMS 0x0000000703600000| PB 0x0000000703600000| Untracked 
|   1|0x0000000703800000, 0x0000000703a00000, 0x0000000703a00000|100%| O|  |TAMS 0x0000000703800000| PB 0x0000000703800000| Untracked 
|   2|0x0000000703a00000, 0x0000000703ae2300, 0x0000000703c00000| 44%| O|  |TAMS 0x0000000703a00000| PB 0x0000000703a00000| Untracked 
|   3|0x0000000703c00000, 0x0000000703c00000, 0x0000000703e00000|  0%| F|  |TAMS 0x0000000703c00000| PB 0x0000000703c00000| Untracked 
|   4|0x0000000703e00000, 0x0000000703e00000, 0x0000000704000000|  0%| F|  |TAMS 0x0000000703e00000| PB 0x0000000703e00000| Untracked 
|   5|0x0000000704000000, 0x0000000704000000, 0x0000000704200000|  0%| F|  |TAMS 0x0000000704000000| PB 0x0000000704000000| Untracked 
|   6|0x0000000704200000, 0x0000000704200000, 0x0000000704400000|  0%| F|  |TAMS 0x0000000704200000| PB 0x0000000704200000| Untracked 
|   7|0x0000000704400000, 0x0000000704400000, 0x0000000704600000|  0%| F|  |TAMS 0x0000000704400000| PB 0x0000000704400000| Untracked 
|   8|0x0000000704600000, 0x0000000704600000, 0x0000000704800000|  0%| F|  |TAMS 0x0000000704600000| PB 0x0000000704600000| Untracked 
|   9|0x0000000704800000, 0x0000000704800000, 0x0000000704a00000|  0%| F|  |TAMS 0x0000000704800000| PB 0x0000000704800000| Untracked 
|  10|0x0000000704a00000, 0x0000000704a00000, 0x0000000704c00000|  0%| F|  |TAMS 0x0000000704a00000| PB 0x0000000704a00000| Untracked 
|  11|0x0000000704c00000, 0x0000000704c00000, 0x0000000704e00000|  0%| F|  |TAMS 0x0000000704c00000| PB 0x0000000704c00000| Untracked 
|  12|0x0000000704e00000, 0x0000000704e00000, 0x0000000705000000|  0%| F|  |TAMS 0x0000000704e00000| PB 0x0000000704e00000| Untracked 
|  13|0x0000000705000000, 0x0000000705000000, 0x0000000705200000|  0%| F|  |TAMS 0x0000000705000000| PB 0x0000000705000000| Untracked 
|  14|0x0000000705200000, 0x0000000705200000, 0x0000000705400000|  0%| F|  |TAMS 0x0000000705200000| PB 0x0000000705200000| Untracked 
|  15|0x0000000705400000, 0x0000000705400000, 0x0000000705600000|  0%| F|  |TAMS 0x0000000705400000| PB 0x0000000705400000| Untracked 
|  16|0x0000000705600000, 0x0000000705600000, 0x0000000705800000|  0%| F|  |TAMS 0x0000000705600000| PB 0x0000000705600000| Untracked 
|  17|0x0000000705800000, 0x0000000705800000, 0x0000000705a00000|  0%| F|  |TAMS 0x0000000705800000| PB 0x0000000705800000| Untracked 
|  18|0x0000000705a00000, 0x0000000705a00000, 0x0000000705c00000|  0%| F|  |TAMS 0x0000000705a00000| PB 0x0000000705a00000| Untracked 
|  19|0x0000000705c00000, 0x0000000705c00000, 0x0000000705e00000|  0%| F|  |TAMS 0x0000000705c00000| PB 0x0000000705c00000| Untracked 
|  20|0x0000000705e00000, 0x0000000705e00000, 0x0000000706000000|  0%| F|  |TAMS 0x0000000705e00000| PB 0x0000000705e00000| Untracked 
|  21|0x0000000706000000, 0x0000000706000000, 0x0000000706200000|  0%| F|  |TAMS 0x0000000706000000| PB 0x0000000706000000| Untracked 
|  22|0x0000000706200000, 0x0000000706200000, 0x0000000706400000|  0%| F|  |TAMS 0x0000000706200000| PB 0x0000000706200000| Untracked 
|  23|0x0000000706400000, 0x0000000706400000, 0x0000000706600000|  0%| F|  |TAMS 0x0000000706400000| PB 0x0000000706400000| Untracked 
|  24|0x0000000706600000, 0x0000000706600000, 0x0000000706800000|  0%| F|  |TAMS 0x0000000706600000| PB 0x0000000706600000| Untracked 
|  25|0x0000000706800000, 0x0000000706800000, 0x0000000706a00000|  0%| F|  |TAMS 0x0000000706800000| PB 0x0000000706800000| Untracked 
|  26|0x0000000706a00000, 0x0000000706a00000, 0x0000000706c00000|  0%| F|  |TAMS 0x0000000706a00000| PB 0x0000000706a00000| Untracked 
|  27|0x0000000706c00000, 0x0000000706c00000, 0x0000000706e00000|  0%| F|  |TAMS 0x0000000706c00000| PB 0x0000000706c00000| Untracked 
|  28|0x0000000706e00000, 0x0000000706e00000, 0x0000000707000000|  0%| F|  |TAMS 0x0000000706e00000| PB 0x0000000706e00000| Untracked 
|  29|0x0000000707000000, 0x0000000707000000, 0x0000000707200000|  0%| F|  |TAMS 0x0000000707000000| PB 0x0000000707000000| Untracked 
|  30|0x0000000707200000, 0x0000000707200000, 0x0000000707400000|  0%| F|  |TAMS 0x0000000707200000| PB 0x0000000707200000| Untracked 
|  31|0x0000000707400000, 0x0000000707400000, 0x0000000707600000|  0%| F|  |TAMS 0x0000000707400000| PB 0x0000000707400000| Untracked 
|  32|0x0000000707600000, 0x0000000707600000, 0x0000000707800000|  0%| F|  |TAMS 0x0000000707600000| PB 0x0000000707600000| Untracked 
|  33|0x0000000707800000, 0x0000000707800000, 0x0000000707a00000|  0%| F|  |TAMS 0x0000000707800000| PB 0x0000000707800000| Untracked 
|  34|0x0000000707a00000, 0x0000000707a00000, 0x0000000707c00000|  0%| F|  |TAMS 0x0000000707a00000| PB 0x0000000707a00000| Untracked 
|  35|0x0000000707c00000, 0x0000000707c00000, 0x0000000707e00000|  0%| F|  |TAMS 0x0000000707c00000| PB 0x0000000707c00000| Untracked 
|  36|0x0000000707e00000, 0x0000000707e00000, 0x0000000708000000|  0%| F|  |TAMS 0x0000000707e00000| PB 0x0000000707e00000| Untracked 
|  37|0x0000000708000000, 0x0000000708000000, 0x0000000708200000|  0%| F|  |TAMS 0x0000000708000000| PB 0x0000000708000000| Untracked 
|  38|0x0000000708200000, 0x0000000708200000, 0x0000000708400000|  0%| F|  |TAMS 0x0000000708200000| PB 0x0000000708200000| Untracked 
|  39|0x0000000708400000, 0x0000000708400000, 0x0000000708600000|  0%| F|  |TAMS 0x0000000708400000| PB 0x0000000708400000| Untracked 
|  40|0x0000000708600000, 0x0000000708600000, 0x0000000708800000|  0%| F|  |TAMS 0x0000000708600000| PB 0x0000000708600000| Untracked 
|  41|0x0000000708800000, 0x0000000708800000, 0x0000000708a00000|  0%| F|  |TAMS 0x0000000708800000| PB 0x0000000708800000| Untracked 
|  42|0x0000000708a00000, 0x0000000708a00000, 0x0000000708c00000|  0%| F|  |TAMS 0x0000000708a00000| PB 0x0000000708a00000| Untracked 
|  43|0x0000000708c00000, 0x0000000708c00000, 0x0000000708e00000|  0%| F|  |TAMS 0x0000000708c00000| PB 0x0000000708c00000| Untracked 
|  44|0x0000000708e00000, 0x0000000708e00000, 0x0000000709000000|  0%| F|  |TAMS 0x0000000708e00000| PB 0x0000000708e00000| Untracked 
|  45|0x0000000709000000, 0x0000000709000000, 0x0000000709200000|  0%| F|  |TAMS 0x0000000709000000| PB 0x0000000709000000| Untracked 
|  46|0x0000000709200000, 0x0000000709200000, 0x0000000709400000|  0%| F|  |TAMS 0x0000000709200000| PB 0x0000000709200000| Untracked 
|  47|0x0000000709400000, 0x0000000709400000, 0x0000000709600000|  0%| F|  |TAMS 0x0000000709400000| PB 0x0000000709400000| Untracked 
|  48|0x0000000709600000, 0x0000000709600000, 0x0000000709800000|  0%| F|  |TAMS 0x0000000709600000| PB 0x0000000709600000| Untracked 
|  49|0x0000000709800000, 0x0000000709800000, 0x0000000709a00000|  0%| F|  |TAMS 0x0000000709800000| PB 0x0000000709800000| Untracked 
|  50|0x0000000709a00000, 0x0000000709a00000, 0x0000000709c00000|  0%| F|  |TAMS 0x0000000709a00000| PB 0x0000000709a00000| Untracked 
|  51|0x0000000709c00000, 0x0000000709c00000, 0x0000000709e00000|  0%| F|  |TAMS 0x0000000709c00000| PB 0x0000000709c00000| Untracked 
|  52|0x0000000709e00000, 0x0000000709e00000, 0x000000070a000000|  0%| F|  |TAMS 0x0000000709e00000| PB 0x0000000709e00000| Untracked 
|  53|0x000000070a000000, 0x000000070a000000, 0x000000070a200000|  0%| F|  |TAMS 0x000000070a000000| PB 0x000000070a000000| Untracked 
|  54|0x000000070a200000, 0x000000070a200000, 0x000000070a400000|  0%| F|  |TAMS 0x000000070a200000| PB 0x000000070a200000| Untracked 
|  55|0x000000070a400000, 0x000000070a400000, 0x000000070a600000|  0%| F|  |TAMS 0x000000070a400000| PB 0x000000070a400000| Untracked 
|  56|0x000000070a600000, 0x000000070a600000, 0x000000070a800000|  0%| F|  |TAMS 0x000000070a600000| PB 0x000000070a600000| Untracked 
|  57|0x000000070a800000, 0x000000070a800000, 0x000000070aa00000|  0%| F|  |TAMS 0x000000070a800000| PB 0x000000070a800000| Untracked 
|  58|0x000000070aa00000, 0x000000070aa00000, 0x000000070ac00000|  0%| F|  |TAMS 0x000000070aa00000| PB 0x000000070aa00000| Untracked 
|  59|0x000000070ac00000, 0x000000070ac00000, 0x000000070ae00000|  0%| F|  |TAMS 0x000000070ac00000| PB 0x000000070ac00000| Untracked 
|  60|0x000000070ae00000, 0x000000070ae00000, 0x000000070b000000|  0%| F|  |TAMS 0x000000070ae00000| PB 0x000000070ae00000| Untracked 
|  61|0x000000070b000000, 0x000000070b000000, 0x000000070b200000|  0%| F|  |TAMS 0x000000070b000000| PB 0x000000070b000000| Untracked 
|  62|0x000000070b200000, 0x000000070b200000, 0x000000070b400000|  0%| F|  |TAMS 0x000000070b200000| PB 0x000000070b200000| Untracked 
|  63|0x000000070b400000, 0x000000070b400000, 0x000000070b600000|  0%| F|  |TAMS 0x000000070b400000| PB 0x000000070b400000| Untracked 
|  64|0x000000070b600000, 0x000000070b600000, 0x000000070b800000|  0%| F|  |TAMS 0x000000070b600000| PB 0x000000070b600000| Untracked 
|  65|0x000000070b800000, 0x000000070b800000, 0x000000070ba00000|  0%| F|  |TAMS 0x000000070b800000| PB 0x000000070b800000| Untracked 
|  66|0x000000070ba00000, 0x000000070ba00000, 0x000000070bc00000|  0%| F|  |TAMS 0x000000070ba00000| PB 0x000000070ba00000| Untracked 
|  67|0x000000070bc00000, 0x000000070bc00000, 0x000000070be00000|  0%| F|  |TAMS 0x000000070bc00000| PB 0x000000070bc00000| Untracked 
|  68|0x000000070be00000, 0x000000070be00000, 0x000000070c000000|  0%| F|  |TAMS 0x000000070be00000| PB 0x000000070be00000| Untracked 
|  69|0x000000070c000000, 0x000000070c000000, 0x000000070c200000|  0%| F|  |TAMS 0x000000070c000000| PB 0x000000070c000000| Untracked 
|  70|0x000000070c200000, 0x000000070c200000, 0x000000070c400000|  0%| F|  |TAMS 0x000000070c200000| PB 0x000000070c200000| Untracked 
|  71|0x000000070c400000, 0x000000070c400000, 0x000000070c600000|  0%| F|  |TAMS 0x000000070c400000| PB 0x000000070c400000| Untracked 
|  72|0x000000070c600000, 0x000000070c600000, 0x000000070c800000|  0%| F|  |TAMS 0x000000070c600000| PB 0x000000070c600000| Untracked 
|  73|0x000000070c800000, 0x000000070c800000, 0x000000070ca00000|  0%| F|  |TAMS 0x000000070c800000| PB 0x000000070c800000| Untracked 
|  74|0x000000070ca00000, 0x000000070ca00000, 0x000000070cc00000|  0%| F|  |TAMS 0x000000070ca00000| PB 0x000000070ca00000| Untracked 
|  75|0x000000070cc00000, 0x000000070cc00000, 0x000000070ce00000|  0%| F|  |TAMS 0x000000070cc00000| PB 0x000000070cc00000| Untracked 
|  76|0x000000070ce00000, 0x000000070ce00000, 0x000000070d000000|  0%| F|  |TAMS 0x000000070ce00000| PB 0x000000070ce00000| Untracked 
|  77|0x000000070d000000, 0x000000070d000000, 0x000000070d200000|  0%| F|  |TAMS 0x000000070d000000| PB 0x000000070d000000| Untracked 
|  78|0x000000070d200000, 0x000000070d200000, 0x000000070d400000|  0%| F|  |TAMS 0x000000070d200000| PB 0x000000070d200000| Untracked 
|  79|0x000000070d400000, 0x000000070d400000, 0x000000070d600000|  0%| F|  |TAMS 0x000000070d400000| PB 0x000000070d400000| Untracked 
|  80|0x000000070d600000, 0x000000070d600000, 0x000000070d800000|  0%| F|  |TAMS 0x000000070d600000| PB 0x000000070d600000| Untracked 
|  81|0x000000070d800000, 0x000000070d800000, 0x000000070da00000|  0%| F|  |TAMS 0x000000070d800000| PB 0x000000070d800000| Untracked 
|  82|0x000000070da00000, 0x000000070da00000, 0x000000070dc00000|  0%| F|  |TAMS 0x000000070da00000| PB 0x000000070da00000| Untracked 
|  83|0x000000070dc00000, 0x000000070dc00000, 0x000000070de00000|  0%| F|  |TAMS 0x000000070dc00000| PB 0x000000070dc00000| Untracked 
|  84|0x000000070de00000, 0x000000070de00000, 0x000000070e000000|  0%| F|  |TAMS 0x000000070de00000| PB 0x000000070de00000| Untracked 
|  85|0x000000070e000000, 0x000000070e000000, 0x000000070e200000|  0%| F|  |TAMS 0x000000070e000000| PB 0x000000070e000000| Untracked 
|  86|0x000000070e200000, 0x000000070e200000, 0x000000070e400000|  0%| F|  |TAMS 0x000000070e200000| PB 0x000000070e200000| Untracked 
|  87|0x000000070e400000, 0x000000070e400000, 0x000000070e600000|  0%| F|  |TAMS 0x000000070e400000| PB 0x000000070e400000| Untracked 
|  88|0x000000070e600000, 0x000000070e600000, 0x000000070e800000|  0%| F|  |TAMS 0x000000070e600000| PB 0x000000070e600000| Untracked 
|  89|0x000000070e800000, 0x000000070e800000, 0x000000070ea00000|  0%| F|  |TAMS 0x000000070e800000| PB 0x000000070e800000| Untracked 
|  90|0x000000070ea00000, 0x000000070ea00000, 0x000000070ec00000|  0%| F|  |TAMS 0x000000070ea00000| PB 0x000000070ea00000| Untracked 
|  91|0x000000070ec00000, 0x000000070ec00000, 0x000000070ee00000|  0%| F|  |TAMS 0x000000070ec00000| PB 0x000000070ec00000| Untracked 
|  92|0x000000070ee00000, 0x000000070ee00000, 0x000000070f000000|  0%| F|  |TAMS 0x000000070ee00000| PB 0x000000070ee00000| Untracked 
|  93|0x000000070f000000, 0x000000070f000000, 0x000000070f200000|  0%| F|  |TAMS 0x000000070f000000| PB 0x000000070f000000| Untracked 
|  94|0x000000070f200000, 0x000000070f200000, 0x000000070f400000|  0%| F|  |TAMS 0x000000070f200000| PB 0x000000070f200000| Untracked 
|  95|0x000000070f400000, 0x000000070f400000, 0x000000070f600000|  0%| F|  |TAMS 0x000000070f400000| PB 0x000000070f400000| Untracked 
|  96|0x000000070f600000, 0x000000070f600000, 0x000000070f800000|  0%| F|  |TAMS 0x000000070f600000| PB 0x000000070f600000| Untracked 
|  97|0x000000070f800000, 0x000000070f800000, 0x000000070fa00000|  0%| F|  |TAMS 0x000000070f800000| PB 0x000000070f800000| Untracked 
|  98|0x000000070fa00000, 0x000000070fa00000, 0x000000070fc00000|  0%| F|  |TAMS 0x000000070fa00000| PB 0x000000070fa00000| Untracked 
|  99|0x000000070fc00000, 0x000000070fc00000, 0x000000070fe00000|  0%| F|  |TAMS 0x000000070fc00000| PB 0x000000070fc00000| Untracked 
| 100|0x000000070fe00000, 0x000000070fe00000, 0x0000000710000000|  0%| F|  |TAMS 0x000000070fe00000| PB 0x000000070fe00000| Untracked 
| 101|0x0000000710000000, 0x0000000710000000, 0x0000000710200000|  0%| F|  |TAMS 0x0000000710000000| PB 0x0000000710000000| Untracked 
| 102|0x0000000710200000, 0x0000000710200000, 0x0000000710400000|  0%| F|  |TAMS 0x0000000710200000| PB 0x0000000710200000| Untracked 
| 103|0x0000000710400000, 0x0000000710400000, 0x0000000710600000|  0%| F|  |TAMS 0x0000000710400000| PB 0x0000000710400000| Untracked 
| 104|0x0000000710600000, 0x0000000710600000, 0x0000000710800000|  0%| F|  |TAMS 0x0000000710600000| PB 0x0000000710600000| Untracked 
| 105|0x0000000710800000, 0x0000000710800000, 0x0000000710a00000|  0%| F|  |TAMS 0x0000000710800000| PB 0x0000000710800000| Untracked 
| 106|0x0000000710a00000, 0x0000000710a00000, 0x0000000710c00000|  0%| F|  |TAMS 0x0000000710a00000| PB 0x0000000710a00000| Untracked 
| 107|0x0000000710c00000, 0x0000000710c00000, 0x0000000710e00000|  0%| F|  |TAMS 0x0000000710c00000| PB 0x0000000710c00000| Untracked 
| 108|0x0000000710e00000, 0x0000000710e7e588, 0x0000000711000000| 24%| E|  |TAMS 0x0000000710e00000| PB 0x0000000710e00000| Complete 
| 109|0x0000000711000000, 0x0000000711200000, 0x0000000711200000|100%| E|CS|TAMS 0x0000000711000000| PB 0x0000000711000000| Complete 
| 110|0x0000000711200000, 0x000000071137f0b0, 0x0000000711400000| 74%| S|CS|TAMS 0x0000000711200000| PB 0x0000000711200000| Complete 
| 111|0x0000000711400000, 0x0000000711600000, 0x0000000711600000|100%| E|CS|TAMS 0x0000000711400000| PB 0x0000000711400000| Complete 
| 112|0x0000000711600000, 0x0000000711800000, 0x0000000711800000|100%| E|CS|TAMS 0x0000000711600000| PB 0x0000000711600000| Complete 
| 113|0x0000000711800000, 0x0000000711a00000, 0x0000000711a00000|100%| E|CS|TAMS 0x0000000711800000| PB 0x0000000711800000| Complete 
| 114|0x0000000711a00000, 0x0000000711c00000, 0x0000000711c00000|100%| E|CS|TAMS 0x0000000711a00000| PB 0x0000000711a00000| Complete 
| 115|0x0000000711c00000, 0x0000000711e00000, 0x0000000711e00000|100%| E|CS|TAMS 0x0000000711c00000| PB 0x0000000711c00000| Complete 
| 116|0x0000000711e00000, 0x0000000712000000, 0x0000000712000000|100%| E|CS|TAMS 0x0000000711e00000| PB 0x0000000711e00000| Complete 
| 117|0x0000000712000000, 0x0000000712200000, 0x0000000712200000|100%| E|CS|TAMS 0x0000000712000000| PB 0x0000000712000000| Complete 
| 118|0x0000000712200000, 0x0000000712400000, 0x0000000712400000|100%| E|CS|TAMS 0x0000000712200000| PB 0x0000000712200000| Complete 
| 119|0x0000000712400000, 0x0000000712600000, 0x0000000712600000|100%| E|CS|TAMS 0x0000000712400000| PB 0x0000000712400000| Complete 
| 120|0x0000000712600000, 0x0000000712800000, 0x0000000712800000|100%| E|CS|TAMS 0x0000000712600000| PB 0x0000000712600000| Complete 
| 121|0x0000000712800000, 0x0000000712a00000, 0x0000000712a00000|100%| E|CS|TAMS 0x0000000712800000| PB 0x0000000712800000| Complete 
| 122|0x0000000712a00000, 0x0000000712c00000, 0x0000000712c00000|100%| E|CS|TAMS 0x0000000712a00000| PB 0x0000000712a00000| Complete 
| 123|0x0000000712c00000, 0x0000000712e00000, 0x0000000712e00000|100%| E|CS|TAMS 0x0000000712c00000| PB 0x0000000712c00000| Complete 
| 124|0x0000000712e00000, 0x0000000713000000, 0x0000000713000000|100%| E|CS|TAMS 0x0000000712e00000| PB 0x0000000712e00000| Complete 
| 125|0x0000000713000000, 0x0000000713200000, 0x0000000713200000|100%| E|CS|TAMS 0x0000000713000000| PB 0x0000000713000000| Complete 
| 126|0x0000000713200000, 0x0000000713400000, 0x0000000713400000|100%| E|CS|TAMS 0x0000000713200000| PB 0x0000000713200000| Complete 

Card table byte_map: [0x0000021c7bb80000,0x0000021c7c370000] _byte_map_base: 0x0000021c78365000

Marking Bits: (CMBitMap*) 0x0000021c7ae0c6c0
 Bits: [0x0000021c173c0000, 0x0000021c1b2e8000)

Polling page: 0x0000021c7a510000

Metaspace:

Usage:
  Non-class:     16.36 MB used.
      Class:      2.18 MB used.
       Both:     18.55 MB used.

Virtual space:
  Non-class space:       64.00 MB reserved,      16.56 MB ( 26%) committed,  1 nodes.
      Class space:        1.00 GB reserved,       2.31 MB ( <1%) committed,  1 nodes.
             Both:        1.06 GB reserved,      18.88 MB (  2%) committed. 

Chunk freelists:
   Non-Class:  14.50 MB
       Class:  13.50 MB
        Both:  28.00 MB

MaxMetaspaceSize: unlimited
CompressedClassSpaceSize: 1.00 GB
Initial GC threshold: 21.00 MB
Current GC threshold: 21.00 MB
CDS: on
 - commit_granule_bytes: 65536.
 - commit_granule_words: 8192.
 - virtual_space_node_default_size: 8388608.
 - enlarge_chunks_in_place: 1.
 - use_allocation_guard: 0.


Internal statistics:

num_allocs_failed_limit: 0.
num_arena_births: 358.
num_arena_deaths: 0.
num_vsnodes_births: 2.
num_vsnodes_deaths: 0.
num_space_committed: 302.
num_space_uncommitted: 0.
num_chunks_returned_to_freelist: 0.
num_chunks_taken_from_freelist: 916.
num_chunk_merges: 0.
num_chunk_splits: 583.
num_chunks_enlarged: 406.
num_inconsistent_stats: 0.

CodeHeap 'non-profiled nmethods': size=120000Kb used=1339Kb max_used=1339Kb free=118660Kb
 bounds [0x0000021c0fe90000, 0x0000021c10100000, 0x0000021c173c0000]
CodeHeap 'profiled nmethods': size=120000Kb used=6192Kb max_used=6192Kb free=113807Kb
 bounds [0x0000021c083c0000, 0x0000021c089d0000, 0x0000021c0f8f0000]
CodeHeap 'non-nmethods': size=5760Kb used=1605Kb max_used=1625Kb free=4154Kb
 bounds [0x0000021c0f8f0000, 0x0000021c0fb60000, 0x0000021c0fe90000]
 total_blobs=3762 nmethods=3229 adapters=436
 compilation: enabled
              stopped_count=0, restarted_count=0
 full_count=0

Compilation events (20 events):
Event: 5.257 Thread 0x0000021c1b341760 3222       4       java.lang.StringBuilder::append (8 bytes)
Event: 5.257 Thread 0x0000021c1b3409c0 3221       3       java.lang.String::valueOf (39 bytes)
Event: 5.257 Thread 0x0000021c1b3409c0 nmethod 3221 0x0000021c089c6e90 code [0x0000021c089c7080, 0x0000021c089c7790]
Event: 5.257 Thread 0x0000021c1b341760 nmethod 3222 0x0000021c0ffde190 code [0x0000021c0ffde320, 0x0000021c0ffde3d8]
Event: 5.257 Thread 0x0000021c1b3409c0 3220       3       java.lang.StringLatin1::toBytes (9 bytes)
Event: 5.257 Thread 0x0000021c1b3409c0 nmethod 3220 0x0000021c089c7990 code [0x0000021c089c7b20, 0x0000021c089c7cb0]
Event: 5.257 Thread 0x0000021c1b3409c0 3224       1       org.codehaus.plexus.util.xml.Xpp3Dom::setParent (6 bytes)
Event: 5.258 Thread 0x0000021c1b3409c0 nmethod 3224 0x0000021c0ffde490 code [0x0000021c0ffde620, 0x0000021c0ffde738]
Event: 5.258 Thread 0x0000021c1b3409c0 3223       1       org.codehaus.plexus.util.xml.Xpp3Dom::setValue (6 bytes)
Event: 5.258 Thread 0x0000021c1b3409c0 nmethod 3223 0x0000021c0ffde790 code [0x0000021c0ffde920, 0x0000021c0ffdea38]
Event: 5.260 Thread 0x0000021c1b3409c0 3225       3       java.lang.invoke.InnerClassLambdaMetafactory::getOpcodeOffset (38 bytes)
Event: 5.261 Thread 0x0000021c1b3409c0 nmethod 3225 0x0000021c089c7d90 code [0x0000021c089c7f60, 0x0000021c089c8230]
Event: 5.261 Thread 0x0000021c1b3409c0 3226       3       java.lang.invoke.MethodHandleNatives::linkCallSite (65 bytes)
Event: 5.261 Thread 0x0000021c1b3409c0 nmethod 3226 0x0000021c089c8310 code [0x0000021c089c8500, 0x0000021c089c8a48]
Event: 5.261 Thread 0x0000021c1b3409c0 3227       3       java.lang.invoke.MethodHandleNatives::linkCallSiteImpl (119 bytes)
Event: 5.262 Thread 0x0000021c1b3409c0 nmethod 3227 0x0000021c089c8c10 code [0x0000021c089c8e60, 0x0000021c089c97a8]
Event: 5.262 Thread 0x0000021c1b3409c0 3228       3       java.lang.invoke.ConstantCallSite::<init> (17 bytes)
Event: 5.262 Thread 0x0000021c1b3409c0 nmethod 3228 0x0000021c089c9b10 code [0x0000021c089c9d00, 0x0000021c089ca290]
Event: 5.262 Thread 0x0000021c1b3409c0 3229   !   3       java.lang.invoke.MethodHandles$Lookup::canBeCached (150 bytes)
Event: 5.264 Thread 0x0000021c1b3409c0 nmethod 3229 0x0000021c089ca490 code [0x0000021c089ca7c0, 0x0000021c089cbb20]

GC Heap History (4 events):
Event: 3.796 GC heap before
{Heap before GC invocations=0 (full 0):
 garbage-first heap   total 260096K, used 22528K [0x0000000703600000, 0x0000000800000000)
  region size 2048K, 11 young (22528K), 0 survivors (0K)
 Metaspace       used 8668K, committed 8896K, reserved 1114112K
  class space    used 929K, committed 1024K, reserved 1048576K
}
Event: 3.802 GC heap after
{Heap after GC invocations=1 (full 0):
 garbage-first heap   total 260096K, used 4880K [0x0000000703600000, 0x0000000800000000)
  region size 2048K, 2 young (4096K), 2 survivors (4096K)
 Metaspace       used 8668K, committed 8896K, reserved 1114112K
  class space    used 929K, committed 1024K, reserved 1048576K
}
Event: 4.420 GC heap before
{Heap before GC invocations=1 (full 0):
 garbage-first heap   total 260096K, used 33552K [0x0000000703600000, 0x0000000800000000)
  region size 2048K, 16 young (32768K), 2 survivors (4096K)
 Metaspace       used 12376K, committed 12672K, reserved 1114112K
  class space    used 1409K, committed 1536K, reserved 1048576K
}
Event: 4.427 GC heap after
{Heap after GC invocations=2 (full 0):
 garbage-first heap   total 260096K, used 6532K [0x0000000703600000, 0x0000000800000000)
  region size 2048K, 1 young (2048K), 1 survivors (2048K)
 Metaspace       used 12376K, committed 12672K, reserved 1114112K
  class space    used 1409K, committed 1536K, reserved 1048576K
}

Dll operation events (13 events):
Event: 0.023 Loaded shared library C:\Program Files\Java\jdk-21\bin\java.dll
Event: 0.072 Loaded shared library C:\Program Files\Java\jdk-21\bin\jsvml.dll
Event: 1.154 Loaded shared library C:\Program Files\Java\jdk-21\bin\zip.dll
Event: 1.162 Loaded shared library C:\Program Files\Java\jdk-21\bin\instrument.dll
Event: 1.171 Loaded shared library C:\Program Files\Java\jdk-21\bin\net.dll
Event: 1.175 Loaded shared library C:\Program Files\Java\jdk-21\bin\nio.dll
Event: 1.183 Loaded shared library C:\Program Files\Java\jdk-21\bin\zip.dll
Event: 1.223 Loaded shared library C:\Program Files\Java\jdk-21\bin\extnet.dll
Event: 1.231 Loaded shared library C:\Program Files\Java\jdk-21\bin\jimage.dll
Event: 2.303 Loaded shared library C:\Program Files\Java\jdk-21\bin\management.dll
Event: 2.323 Loaded shared library C:\Program Files\Java\jdk-21\bin\management_ext.dll
Event: 2.411 Loaded shared library C:\Users\acer\AppData\Local\Temp\jansi-2.4.1-12abd33d2742a496-jansi.dll
Event: 2.427 Loaded shared library C:\Program Files\Java\jdk-21\bin\verify.dll

Deoptimization events (20 events):
Event: 5.183 Thread 0x0000021c78ae6ff0 Uncommon trap: trap_request=0xffffffc6 fr.pc=0x0000021c0fef9ca4 relative=0x00000000000008c4
Event: 5.183 Thread 0x0000021c78ae6ff0 Uncommon trap: reason=bimorphic_or_optimized_type_check action=maybe_recompile pc=0x0000021c0fef9ca4 method=java.util.regex.Pattern$Start.match(Ljava/util/regex/Matcher;ILjava/lang/CharSequence;)Z @ 44 c2
Event: 5.183 Thread 0x0000021c78ae6ff0 DEOPT PACKING pc=0x0000021c0fef9ca4 sp=0x00000085ed2fe820
Event: 5.183 Thread 0x0000021c78ae6ff0 DEOPT UNPACKING pc=0x0000021c0f947da2 sp=0x00000085ed2fe7a0 mode 2
Event: 5.189 Thread 0x0000021c78ae6ff0 Uncommon trap: trap_request=0xffffff45 fr.pc=0x0000021c0ff388a8 relative=0x00000000000008a8
Event: 5.189 Thread 0x0000021c78ae6ff0 Uncommon trap: reason=unstable_if action=reinterpret pc=0x0000021c0ff388a8 method=sun.nio.cs.StreamDecoder.implRead([CII)I @ 36 c2
Event: 5.189 Thread 0x0000021c78ae6ff0 DEOPT PACKING pc=0x0000021c0ff388a8 sp=0x00000085ed2fe540
Event: 5.189 Thread 0x0000021c78ae6ff0 DEOPT UNPACKING pc=0x0000021c0f947da2 sp=0x00000085ed2fe520 mode 2
Event: 5.190 Thread 0x0000021c78ae6ff0 Uncommon trap: trap_request=0xffffffc6 fr.pc=0x0000021c0fef9ca4 relative=0x00000000000008c4
Event: 5.190 Thread 0x0000021c78ae6ff0 Uncommon trap: reason=bimorphic_or_optimized_type_check action=maybe_recompile pc=0x0000021c0fef9ca4 method=java.util.regex.Pattern$Start.match(Ljava/util/regex/Matcher;ILjava/lang/CharSequence;)Z @ 44 c2
Event: 5.190 Thread 0x0000021c78ae6ff0 DEOPT PACKING pc=0x0000021c0fef9ca4 sp=0x00000085ed2fe900
Event: 5.190 Thread 0x0000021c78ae6ff0 DEOPT UNPACKING pc=0x0000021c0f947da2 sp=0x00000085ed2fe880 mode 2
Event: 5.249 Thread 0x0000021c78ae6ff0 Uncommon trap: trap_request=0xffffff45 fr.pc=0x0000021c0fedab9c relative=0x000000000000073c
Event: 5.249 Thread 0x0000021c78ae6ff0 Uncommon trap: reason=unstable_if action=reinterpret pc=0x0000021c0fedab9c method=java.lang.AbstractStringBuilder.append(Ljava/lang/String;)Ljava/lang/AbstractStringBuilder; @ 1 c2
Event: 5.249 Thread 0x0000021c78ae6ff0 DEOPT PACKING pc=0x0000021c0fedab9c sp=0x00000085ed2fe220
Event: 5.249 Thread 0x0000021c78ae6ff0 DEOPT UNPACKING pc=0x0000021c0f947da2 sp=0x00000085ed2fe1b0 mode 2
Event: 5.249 Thread 0x0000021c78ae6ff0 Uncommon trap: trap_request=0xffffff45 fr.pc=0x0000021c0ff12188 relative=0x0000000000000728
Event: 5.249 Thread 0x0000021c78ae6ff0 Uncommon trap: reason=unstable_if action=reinterpret pc=0x0000021c0ff12188 method=java.lang.AbstractStringBuilder.append(Ljava/lang/String;)Ljava/lang/AbstractStringBuilder; @ 1 c2
Event: 5.249 Thread 0x0000021c78ae6ff0 DEOPT PACKING pc=0x0000021c0ff12188 sp=0x00000085ed2fe1c0
Event: 5.249 Thread 0x0000021c78ae6ff0 DEOPT UNPACKING pc=0x0000021c0f947da2 sp=0x00000085ed2fe1a8 mode 2

Classes loaded (20 events):
Event: 5.221 Loading class jdk/internal/misc/ThreadTracker
Event: 5.221 Loading class jdk/internal/misc/ThreadTracker done
Event: 5.221 Loading class jdk/internal/misc/ThreadTracker$ThreadRef
Event: 5.221 Loading class jdk/internal/misc/ThreadTracker$ThreadRef done
Event: 5.221 Loading class java/net/URL$2
Event: 5.221 Loading class java/net/URL$2 done
Event: 5.221 Loading class java/net/URL$1
Event: 5.221 Loading class java/net/URL$1 done
Event: 5.221 Loading class java/net/spi/URLStreamHandlerProvider
Event: 5.221 Loading class java/net/spi/URLStreamHandlerProvider done
Event: 5.221 Loading class sun/net/www/protocol/https/Handler
Event: 5.222 Loading class sun/net/www/protocol/http/Handler
Event: 5.222 Loading class sun/net/www/protocol/http/Handler done
Event: 5.222 Loading class sun/net/www/protocol/https/Handler done
Event: 5.224 Loading class java/util/regex/Pattern$Pos
Event: 5.224 Loading class java/util/regex/Pattern$Pos done
Event: 5.226 Loading class java/util/ArrayList$SubList$1
Event: 5.227 Loading class java/util/ArrayList$SubList$1 done
Event: 5.230 Loading class java/util/concurrent/atomic/AtomicReference
Event: 5.230 Loading class java/util/concurrent/atomic/AtomicReference done

Classes unloaded (0 events):
No events

Classes redefined (0 events):
No events

Internal exceptions (20 events):
Event: 3.946 Thread 0x0000021c78ae6ff0 Exception <a 'java/lang/NoSuchMethodError'{0x0000000712fd4d88}: 'java.lang.Object java.lang.invoke.DirectMethodHandle$Holder.newInvokeSpecial(java.lang.Object, java.lang.Object, java.lang.Object, java.lang.Object, java.lang.Object)'> (0x0000000712fd4d88) 
thrown [s\open\src\hotspot\share\interpreter\linkResolver.cpp, line 773]
Event: 3.974 Thread 0x0000021c78ae6ff0 Exception <a 'java/lang/NoSuchMethodError'{0x0000000712cd4fe0}: 'int java.lang.invoke.DirectMethodHandle$Holder.invokeStaticInit(java.lang.Object, java.lang.Object)'> (0x0000000712cd4fe0) 
thrown [s\open\src\hotspot\share\interpreter\linkResolver.cpp, line 773]
Event: 3.983 Thread 0x0000021c78ae6ff0 Exception <a 'java/lang/NoClassDefFoundError'{0x0000000712d0b998}: javax/enterprise/inject/Typed> (0x0000000712d0b998) 
thrown [s\open\src\hotspot\share\classfile\systemDictionary.cpp, line 301]
Event: 4.804 Thread 0x0000021c78ae6ff0 Exception <a 'java/lang/NoSuchMethodError'{0x0000000712375858}: 'void java.lang.invoke.DirectMethodHandle$Holder.invokeStaticInit(java.lang.Object, java.lang.Object, java.lang.Object)'> (0x0000000712375858) 
thrown [s\open\src\hotspot\share\interpreter\linkResolver.cpp, line 773]
Event: 4.808 Thread 0x0000021c78ae6ff0 Exception <a 'java/lang/ExceptionInInitializerError'{0x0000000712397d68}> (0x0000000712397d68) 
thrown [s\open\src\hotspot\share\oops\instanceKlass.cpp, line 1192]
Event: 4.835 Thread 0x0000021c78ae6ff0 Exception <a 'java/lang/NoSuchMethodError'{0x00000007120a6ff8}: 'long java.lang.invoke.DirectMethodHandle$Holder.invokeStatic(java.lang.Object, java.lang.Object, int)'> (0x00000007120a6ff8) 
thrown [s\open\src\hotspot\share\interpreter\linkResolver.cpp, line 773]
Event: 4.836 Thread 0x0000021c78ae6ff0 Exception <a 'java/lang/NoSuchMethodError'{0x00000007120b9b90}: 'java.lang.Object java.lang.invoke.DirectMethodHandle$Holder.invokeStatic(java.lang.Object, java.lang.Object, java.lang.Object, java.lang.Object, int)'> (0x00000007120b9b90) 
thrown [s\open\src\hotspot\share\interpreter\linkResolver.cpp, line 773]
Event: 4.837 Thread 0x0000021c78ae6ff0 Exception <a 'java/lang/NoSuchMethodError'{0x00000007120c1820}: 'java.lang.Object java.lang.invoke.DirectMethodHandle$Holder.invokeSpecial(java.lang.Object, java.lang.Object, java.lang.Object, java.lang.Object, long)'> (0x00000007120c1820) 
thrown [s\open\src\hotspot\share\interpreter\linkResolver.cpp, line 773]
Event: 4.838 Thread 0x0000021c78ae6ff0 Exception <a 'java/lang/NoSuchMethodError'{0x00000007120ccb98}: 'java.lang.Object java.lang.invoke.DirectMethodHandle$Holder.invokeSpecial(java.lang.Object, java.lang.Object, java.lang.Object, int, java.lang.Object)'> (0x00000007120ccb98) 
thrown [s\open\src\hotspot\share\interpreter\linkResolver.cpp, line 773]
Event: 4.838 Thread 0x0000021c78ae6ff0 Exception <a 'java/lang/NoSuchMethodError'{0x00000007120d4c38}: 'int java.lang.invoke.DirectMethodHandle$Holder.invokeSpecial(java.lang.Object, java.lang.Object, java.lang.Object, int)'> (0x00000007120d4c38) 
thrown [s\open\src\hotspot\share\interpreter\linkResolver.cpp, line 773]
Event: 4.841 Thread 0x0000021c78ae6ff0 Implicit null exception at 0x0000021c0ff7df5a to 0x0000021c0ff7e154
Event: 4.843 Thread 0x0000021c78ae6ff0 Exception <a 'java/lang/NoSuchMethodError'{0x00000007120f8128}: 'java.lang.Object java.lang.invoke.Invokers$Holder.invokeExact_MT(java.lang.Object, int, java.lang.Object)'> (0x00000007120f8128) 
thrown [s\open\src\hotspot\share\interpreter\linkResolver.cpp, line 773]
Event: 5.056 Thread 0x0000021c78ae6ff0 Exception <a 'java/lang/NoSuchMethodError'{0x0000000711949d58}: 'void java.lang.invoke.Invokers$Holder.invokeExact_MT(java.lang.Object, java.lang.Object, java.lang.Object, java.lang.Object)'> (0x0000000711949d58) 
thrown [s\open\src\hotspot\share\interpreter\linkResolver.cpp, line 773]
Event: 5.071 Thread 0x0000021c78ae6ff0 Exception <a 'java/lang/NoClassDefFoundError'{0x00000007119d9498}: com/google/inject/servlet/ServletModuleTargetVisitor> (0x00000007119d9498) 
thrown [s\open\src\hotspot\share\classfile\systemDictionary.cpp, line 301]
Event: 5.127 Thread 0x0000021c78ae6ff0 Exception <a 'java/lang/NoSuchMethodError'{0x0000000711790c50}: 'void java.lang.invoke.DirectMethodHandle$Holder.invokeVirtual(java.lang.Object, java.lang.Object)'> (0x0000000711790c50) 
thrown [s\open\src\hotspot\share\interpreter\linkResolver.cpp, line 773]
Event: 5.249 Thread 0x0000021c78ae6ff0 Implicit null exception at 0x0000021c0feda4a4 to 0x0000021c0fedab84
Event: 5.249 Thread 0x0000021c78ae6ff0 Implicit null exception at 0x0000021c0ff11aa0 to 0x0000021c0ff12170
Event: 5.252 Thread 0x0000021c78ae6ff0 Exception <a 'java/lang/NoSuchMethodError'{0x00000007111ec418}: 'java.lang.Object java.lang.invoke.DirectMethodHandle$Holder.newInvokeSpecial(java.lang.Object, java.lang.Object, java.lang.Object, java.lang.Object, java.lang.Object, java.lang.Object)'> (0x00000007111ec418) 
thrown [s\open\src\hotspot\share\interpreter\linkResolver.cpp, line 773]
Event: 5.252 Thread 0x0000021c78ae6ff0 Exception <a 'java/lang/NoSuchMethodError'{0x00000007111f2b20}: 'void java.lang.invoke.DirectMethodHandle$Holder.invokeSpecial(java.lang.Object, java.lang.Object, java.lang.Object, java.lang.Object, java.lang.Object)'> (0x00000007111f2b20) 
thrown [s\open\src\hotspot\share\interpreter\linkResolver.cpp, line 773]
Event: 5.263 Thread 0x0000021c78ae6ff0 Exception <a 'java/lang/NoSuchMethodError'{0x0000000710e50508}: 'java.lang.Object java.lang.invoke.DirectMethodHandle$Holder.invokeVirtual(java.lang.Object, java.lang.Object, java.lang.Object)'> (0x0000000710e50508) 
thrown [s\open\src\hotspot\share\interpreter\linkResolver.cpp, line 773]

ZGC Phase Switch (0 events):
No events

VM Operations (20 events):
Event: 4.427 Executing VM operation: G1CollectForAllocation (G1 Evacuation Pause) done
Event: 4.503 Executing VM operation: HandshakeAllThreads (Deoptimize)
Event: 4.503 Executing VM operation: HandshakeAllThreads (Deoptimize) done
Event: 4.614 Executing VM operation: HandshakeAllThreads (Deoptimize)
Event: 4.614 Executing VM operation: HandshakeAllThreads (Deoptimize) done
Event: 4.809 Executing VM operation: ICBufferFull
Event: 4.809 Executing VM operation: ICBufferFull done
Event: 4.876 Executing VM operation: HandshakeAllThreads (Deoptimize)
Event: 4.876 Executing VM operation: HandshakeAllThreads (Deoptimize) done
Event: 4.877 Executing VM operation: HandshakeAllThreads (Deoptimize)
Event: 4.877 Executing VM operation: HandshakeAllThreads (Deoptimize) done
Event: 5.097 Executing VM operation: ICBufferFull
Event: 5.097 Executing VM operation: ICBufferFull done
Event: 5.147 Executing VM operation: HandshakeAllThreads (Deoptimize)
Event: 5.147 Executing VM operation: HandshakeAllThreads (Deoptimize) done
Event: 5.177 Executing VM operation: HandshakeAllThreads (Deoptimize)
Event: 5.177 Executing VM operation: HandshakeAllThreads (Deoptimize) done
Event: 5.222 Executing VM operation: HandshakeAllThreads (Deoptimize)
Event: 5.222 Executing VM operation: HandshakeAllThreads (Deoptimize) done
Event: 6.223 Executing VM operation: Cleanup

Events (20 events):
Event: 0.067 Thread 0x0000021c1b311ae0 Thread added: 0x0000021c1b311ae0
Event: 0.068 Thread 0x0000021c1b3135a0 Thread added: 0x0000021c1b3135a0
Event: 0.068 Thread 0x0000021c1b3190e0 Thread added: 0x0000021c1b3190e0
Event: 0.068 Thread 0x0000021c1b31e070 Thread added: 0x0000021c1b31e070
Event: 0.068 Thread 0x0000021c1b328e30 Thread added: 0x0000021c1b328e30
Event: 0.068 Thread 0x0000021c1b32d9e0 Thread added: 0x0000021c1b32d9e0
Event: 0.068 Thread 0x0000021c1b3326e0 Thread added: 0x0000021c1b3326e0
Event: 0.069 Thread 0x0000021c1b3409c0 Thread added: 0x0000021c1b3409c0
Event: 0.106 Thread 0x0000021c1b4283b0 Thread added: 0x0000021c1b4283b0
Event: 1.208 Thread 0x0000021c1b5bdeb0 Thread added: 0x0000021c1b5bdeb0
Event: 1.208 Thread 0x0000021c1b5d04d0 Thread added: 0x0000021c1b5d04d0
Event: 2.261 Thread 0x0000021c1b341760 Thread added: 0x0000021c1b341760
Event: 2.389 Thread 0x0000021c1b5d0b60 Thread added: 0x0000021c1b5d0b60
Event: 2.397 Thread 0x0000021c1b5d0b60 Thread exited: 0x0000021c1b5d0b60
Event: 3.543 Thread 0x0000021c1b33e7b0 Thread added: 0x0000021c1b33e7b0
Event: 3.722 Thread 0x0000021c1b5cea90 Thread added: 0x0000021c1b5cea90
Event: 3.765 Thread 0x0000021c1b5d0b60 Thread added: 0x0000021c1b5d0b60
Event: 3.792 Thread 0x0000021c1b5d11f0 Thread added: 0x0000021c1b5d11f0
Event: 3.812 Thread 0x0000021c1b5d1880 Thread added: 0x0000021c1b5d1880
Event: 5.194 Thread 0x0000021c1b5cf7b0 Thread added: 0x0000021c1b5cf7b0


Dynamic libraries:
0x00007ff63a9b0000 - 0x00007ff63a9c0000 	C:\Program Files\Java\jdk-21\bin\java.exe
0x00007ffea3dc0000 - 0x00007ffea4023000 	C:\WINDOWS\SYSTEM32\ntdll.dll
0x00007ffea2110000 - 0x00007ffea21d7000 	C:\WINDOWS\System32\KERNEL32.DLL
0x00007ffea1460000 - 0x00007ffea1829000 	C:\WINDOWS\System32\KERNELBASE.dll
0x0000000069240000 - 0x0000000069570000 	C:\Program Files\Norton Security\NortonData\22.21.5.49\Definitions\IPSDefs\20221121.061\IPSEng64.dll
0x00007ffea27e0000 - 0x00007ffea2892000 	C:\WINDOWS\System32\ADVAPI32.dll
0x00007ffea1be0000 - 0x00007ffea1c89000 	C:\WINDOWS\System32\msvcrt.dll
0x00007ffea2290000 - 0x00007ffea2336000 	C:\WINDOWS\System32\sechost.dll
0x00007ffea2e70000 - 0x00007ffea2f86000 	C:\WINDOWS\System32\RPCRT4.dll
0x00007ffea2b70000 - 0x00007ffea2b78000 	C:\WINDOWS\System32\PSAPI.DLL
0x00007ffea0ff0000 - 0x00007ffea113c000 	C:\WINDOWS\System32\ucrtbase.dll
0x00007ffe983a0000 - 0x00007ffe983b9000 	C:\Program Files\Java\jdk-21\bin\jli.dll
0x00007ffe98380000 - 0x00007ffe9839b000 	C:\Program Files\Java\jdk-21\bin\VCRUNTIME140.dll
0x00007ffea28a0000 - 0x00007ffea2a6a000 	C:\WINDOWS\System32\USER32.dll
0x00007ffea0fc0000 - 0x00007ffea0fe7000 	C:\WINDOWS\System32\win32u.dll
0x00007ffe889d0000 - 0x00007ffe88c60000 	C:\WINDOWS\WinSxS\amd64_microsoft.windows.common-controls_6595b64144ccf1df_6.0.26100.3323_none_3e088096e3344490\COMCTL32.dll
0x00007ffea3d50000 - 0x00007ffea3d7a000 	C:\WINDOWS\System32\GDI32.dll
0x00007ffea11d0000 - 0x00007ffea1301000 	C:\WINDOWS\System32\gdi32full.dll
0x00007ffea1310000 - 0x00007ffea13b3000 	C:\WINDOWS\System32\msvcp_win.dll
0x00007ffe96150000 - 0x00007ffe9615b000 	C:\WINDOWS\SYSTEM32\VERSION.dll
0x00007ffea2d20000 - 0x00007ffea2d4f000 	C:\WINDOWS\System32\IMM32.DLL
0x00007ffe986e0000 - 0x00007ffe986ec000 	C:\Program Files\Java\jdk-21\bin\vcruntime140_1.dll
0x00007ffe38af0000 - 0x00007ffe38b7e000 	C:\Program Files\Java\jdk-21\bin\msvcp140.dll
0x00007ffe23f80000 - 0x00007ffe24c9a000 	C:\Program Files\Java\jdk-21\bin\server\jvm.dll
0x00007ffea2af0000 - 0x00007ffea2b64000 	C:\WINDOWS\System32\WS2_32.dll
0x00007ffe9fc20000 - 0x00007ffe9fc6e000 	C:\WINDOWS\SYSTEM32\POWRPROF.dll
0x00007ffe8aff0000 - 0x00007ffe8b026000 	C:\WINDOWS\SYSTEM32\WINMM.dll
0x00007ffe9fc00000 - 0x00007ffe9fc14000 	C:\WINDOWS\SYSTEM32\UMPDC.dll
0x00007ffe9fed0000 - 0x00007ffe9feea000 	C:\WINDOWS\SYSTEM32\kernel.appcore.dll
0x00007ffe98370000 - 0x00007ffe9837a000 	C:\Program Files\Java\jdk-21\bin\jimage.dll
0x00007ffe9e760000 - 0x00007ffe9e9a1000 	C:\WINDOWS\SYSTEM32\DBGHELP.DLL
0x00007ffea1cf0000 - 0x00007ffea2072000 	C:\WINDOWS\System32\combase.dll
0x00007ffea2700000 - 0x00007ffea27d6000 	C:\WINDOWS\System32\OLEAUT32.dll
0x00007ffe88990000 - 0x00007ffe889c9000 	C:\WINDOWS\SYSTEM32\dbgcore.DLL
0x00007ffea13c0000 - 0x00007ffea1459000 	C:\WINDOWS\System32\bcryptPrimitives.dll
0x00007ffe98710000 - 0x00007ffe9871f000 	C:\Program Files\Java\jdk-21\bin\instrument.dll
0x00007ffe97fa0000 - 0x00007ffe97fbf000 	C:\Program Files\Java\jdk-21\bin\java.dll
0x00007ffea2f90000 - 0x00007ffea36a5000 	C:\WINDOWS\System32\SHELL32.dll
0x00007ffea19b0000 - 0x00007ffea1b18000 	C:\WINDOWS\System32\wintypes.dll
0x00007ffe9ec80000 - 0x00007ffe9f4c5000 	C:\WINDOWS\SYSTEM32\windows.storage.dll
0x00007ffea3c60000 - 0x00007ffea3d4b000 	C:\WINDOWS\System32\SHCORE.dll
0x00007ffea1c90000 - 0x00007ffea1ced000 	C:\WINDOWS\System32\shlwapi.dll
0x00007ffea0ed0000 - 0x00007ffea0eff000 	C:\WINDOWS\SYSTEM32\profapi.dll
0x00007ffe2aea0000 - 0x00007ffe2af77000 	C:\Program Files\Java\jdk-21\bin\jsvml.dll
0x00007ffe8ee20000 - 0x00007ffe8ee38000 	C:\Program Files\Java\jdk-21\bin\zip.dll
0x00007ffe98360000 - 0x00007ffe98370000 	C:\Program Files\Java\jdk-21\bin\net.dll
0x00007ffe99330000 - 0x00007ffe9944e000 	C:\WINDOWS\SYSTEM32\WINHTTP.dll
0x00007ffea0410000 - 0x00007ffea047a000 	C:\WINDOWS\system32\mswsock.dll
0x00007ffe8ee40000 - 0x00007ffe8ee56000 	C:\Program Files\Java\jdk-21\bin\nio.dll
0x00007ffe8ee00000 - 0x00007ffe8ee09000 	C:\Program Files\Java\jdk-21\bin\extnet.dll
0x00007ffe9f950000 - 0x00007ffe9fa75000 	C:\WINDOWS\SYSTEM32\DNSAPI.dll
0x00007ffe9f8b0000 - 0x00007ffe9f8e3000 	C:\WINDOWS\SYSTEM32\IPHLPAPI.DLL
0x00007ffea2e60000 - 0x00007ffea2e6a000 	C:\WINDOWS\System32\NSI.dll
0x00007ffe986d0000 - 0x00007ffe986db000 	C:\Windows\System32\rasadhlp.dll
0x00007ffe97f10000 - 0x00007ffe97f95000 	C:\WINDOWS\System32\fwpuclnt.dll
0x00007ffe98910000 - 0x00007ffe9891a000 	C:\Program Files\Java\jdk-21\bin\management.dll
0x00007ffe98900000 - 0x00007ffe9890b000 	C:\Program Files\Java\jdk-21\bin\management_ext.dll
0x00007ffe98460000 - 0x00007ffe98484000 	C:\Users\acer\AppData\Local\Temp\jansi-2.4.1-12abd33d2742a496-jansi.dll
0x00007ffe8b9c0000 - 0x00007ffe8b9d0000 	C:\Program Files\Java\jdk-21\bin\verify.dll
0x00007ffea06b0000 - 0x00007ffea06cc000 	C:\WINDOWS\SYSTEM32\CRYPTSP.dll
0x00007ffe9fe30000 - 0x00007ffe9fe6a000 	C:\WINDOWS\system32\rsaenh.dll
0x00007ffea04b0000 - 0x00007ffea04db000 	C:\WINDOWS\SYSTEM32\USERENV.dll
0x00007ffea0880000 - 0x00007ffea08a6000 	C:\WINDOWS\SYSTEM32\bcrypt.dll
0x00007ffea06d0000 - 0x00007ffea06dc000 	C:\WINDOWS\SYSTEM32\CRYPTBASE.dll
0x00007ffe79d90000 - 0x00007ffe79da8000 	C:\WINDOWS\system32\napinsp.dll
0x00007ffe79b30000 - 0x00007ffe79b42000 	C:\WINDOWS\System32\winrnr.dll
0x00007ffe79a10000 - 0x00007ffe79a32000 	C:\WINDOWS\system32\nlansp_c.dll
0x00007ffe985f0000 - 0x00007ffe98606000 	C:\WINDOWS\system32\wshbth.dll
0x00007ffe838f0000 - 0x00007ffe8393e000 	C:\WINDOWS\SYSTEM32\pdh.dll
0x00007ffe8c2b0000 - 0x00007ffe8c2c2000 	C:\WINDOWS\System32\perfproc.dll
0x00007ffe76a10000 - 0x00007ffe76a21000 	C:\WINDOWS\System32\perfos.dll
0x00007ffe9de80000 - 0x00007ffe9de92000 	C:\WINDOWS\SYSTEM32\pfclient.dll

dbghelp: loaded successfully - version: 4.0.5 - missing functions: none
symbol engine: initialized successfully - sym options: 0x614 - pdb path: .;C:\Program Files\Java\jdk-21\bin;C:\WINDOWS\SYSTEM32;C:\Program Files\Norton Security\NortonData\22.21.5.49\Definitions\IPSDefs\20221121.061;C:\WINDOWS\WinSxS\amd64_microsoft.windows.common-controls_6595b64144ccf1df_6.0.26100.3323_none_3e088096e3344490;C:\Program Files\Java\jdk-21\bin\server;C:\Users\acer\AppData\Local\Temp

VM Arguments:
jvm_args: -Dmaven.multiModuleProjectDirectory=C:\Users\acer\IdeaProjects\perpustakaan -Djansi.passthrough=true -Dmaven.home=C:\Users\acer\.m2\wrapper\dists\apache-maven-3.9.9-bin\4nf9hui3q3djbarqar9g711ggc\apache-maven-3.9.9 -Dclassworlds.conf=C:\Users\acer\.m2\wrapper\dists\apache-maven-3.9.9-bin\4nf9hui3q3djbarqar9g711ggc\apache-maven-3.9.9\bin\m2.conf -javaagent:C:\Program Files\JetBrains\IntelliJ IDEA 2024.3.5\lib\idea_rt.jar=53089 -Dfile.encoding=UTF-8 -Dsun.stdout.encoding=UTF-8 -Dsun.stderr.encoding=UTF-8 
java_command: org.codehaus.classworlds.Launcher -Didea.version=2024.3.5 quarkus:dev
java_class_path (initial): C:\Users\acer\.m2\wrapper\dists\apache-maven-3.9.9-bin\4nf9hui3q3djbarqar9g711ggc\apache-maven-3.9.9\boot\plexus-classworlds-2.8.0.jar;C:\Users\acer\.m2\wrapper\dists\apache-maven-3.9.9-bin\4nf9hui3q3djbarqar9g711ggc\apache-maven-3.9.9\boot\plexus-classworlds.license
Launcher Type: SUN_STANDARD

[Global flags]
     intx CICompilerCount                          = 4                                         {product} {ergonomic}
     uint ConcGCThreads                            = 3                                         {product} {ergonomic}
     uint G1ConcRefinementThreads                  = 10                                        {product} {ergonomic}
   size_t G1HeapRegionSize                         = 2097152                                   {product} {ergonomic}
    uintx GCDrainStackTargetSize                   = 64                                        {product} {ergonomic}
   size_t InitialHeapSize                          = 266338304                                 {product} {ergonomic}
   size_t MarkStackSize                            = 4194304                                   {product} {ergonomic}
   size_t MaxHeapSize                              = 4238344192                                {product} {ergonomic}
   size_t MaxNewSize                               = 2541748224                                {product} {ergonomic}
   size_t MinHeapDeltaBytes                        = 2097152                                   {product} {ergonomic}
   size_t MinHeapSize                              = 8388608                                   {product} {ergonomic}
    uintx NonNMethodCodeHeapSize                   = 5839372                                {pd product} {ergonomic}
    uintx NonProfiledCodeHeapSize                  = 122909434                              {pd product} {ergonomic}
    uintx ProfiledCodeHeapSize                     = 122909434                              {pd product} {ergonomic}
    uintx ReservedCodeCacheSize                    = 251658240                              {pd product} {ergonomic}
     bool SegmentedCodeCache                       = true                                      {product} {ergonomic}
   size_t SoftMaxHeapSize                          = 4238344192                             {manageable} {ergonomic}
     bool UseCompressedOops                        = true                           {product lp64_product} {ergonomic}
     bool UseG1GC                                  = true                                      {product} {ergonomic}
     bool UseLargePagesIndividualAllocation        = false                                  {pd product} {ergonomic}

Logging:
Log output configuration:
 #0: stdout all=warning uptime,level,tags foldmultilines=false
 #1: stderr all=off uptime,level,tags foldmultilines=false

Environment Variables:
PATH=C:\Program Files (x86)\VMware\VMware Player\bin\;C:\Program Files\Common Files\Oracle\Java\javapath;C:\Program Files (x86)\Common Files\Oracle\Java\javapath;C:\Program Files (x86)\Common Files\Intel\Shared Files\cpp\bin\Intel64;C:\Program Files\Eclipse Adoptium\jdk-17.0.4.101-hotspot\bin;C:\Windows\system32;C:\Windows;C:\Windows\System32\Wbem;C:\Windows\System32\WindowsPowerShell\v1.0\;C:\Windows\System32\OpenSSH\;C:\Program Files (x86)\NVIDIA Corporation\PhysX\Common;C:\Program Files\NVIDIA Corporation\NVIDIA NvDLISR;C:\Program Files\Git\cmd;C:\Program Files\Docker\Docker\resources\bin;C:\WINDOWS\system32;C:\WINDOWS;C:\WINDOWS\System32\Wbem;C:\WINDOWS\System32\WindowsPowerShell\v1.0\;C:\WINDOWS\System32\OpenSSH\;C:\Program Files\PuTTY\;C:\xampp\php;C:\composer;C:\WebServer\php8.3.1;C:\Program Files\MySQL\MySQL Server 8.0\bin;C:\Program Files\nodejs\;C:\Program Files\Microsoft SQL Server\Client SDK\ODBC\170\Tools\Binn\;C:\Program Files (x86)\Microsoft SQL Server\150\Tools\Binn\;C:\Program Files\Microsoft SQL Server\150\Tools\Binn\;C:\Program Files\Microsoft SQL Server\150\DTS\Binn\;C:\Program Files (x86)\Microsoft SQL Server\160\DTS\Binn\;C:\Users\acer\AppData\Local\Microsoft\WindowsApps;C:\Users\acer\AppData\Local\Programs\Microsoft VS Code\bin;C:\Users\acer\AppData\Roaming\Composer\vendor\bin;c:\xampp\php;D:\Flutter\flutter\bin;C:\Program Files\nodejs\;C:\Users\acer\AppData\Roaming\npm;C:\apache-maven-3.9.9\bin;C:\Program Files\Java\jdk-21\bin;;C:\Program Files\JetBrains\IntelliJ IDEA 2024.3.5\bin;
USERNAME=acer
OS=Windows_NT
PROCESSOR_IDENTIFIER=Intel64 Family 6 Model 141 Stepping 1, GenuineIntel
TMP=C:\Users\acer\AppData\Local\Temp
TEMP=C:\Users\acer\AppData\Local\Temp




Periodic native trim disabled

---------------  S Y S T E M  ---------------

OS:
 Windows 11 , 64 bit Build 26100 (10.0.26100.3323)
OS uptime: 1 days 5:09 hours
Hyper-V role detected

CPU: total 12 (initial active 12) (6 cores per cpu, 2 threads per core) family 6 model 141 stepping 1 microcode 0x3c, cx8, cmov, fxsr, ht, mmx, 3dnowpref, sse, sse2, sse3, ssse3, sse4.1, sse4.2, popcnt, lzcnt, tsc, tscinvbit, avx, avx2, aes, erms, clmul, bmi1, bmi2, adx, avx512f, avx512dq, avx512cd, avx512bw, avx512vl, sha, fma, vzeroupper, avx512_vpopcntdq, avx512_vpclmulqdq, avx512_vaes, avx512_vnni, clflush, clflushopt, clwb, avx512_vbmi2, avx512_vbmi, hv, rdtscp, rdpid, fsrm, gfni, avx512_bitalg, f16c, cet_ibt, cet_ss, avx512_ifma
Processor Information for processor 0
  Max Mhz: 2688, Current Mhz: 995, Mhz Limit: 2688
Processor Information for processor 1
  Max Mhz: 2688, Current Mhz: 2688, Mhz Limit: 2688
Processor Information for processor 2
  Max Mhz: 2688, Current Mhz: 2688, Mhz Limit: 2688
Processor Information for processor 3
  Max Mhz: 2688, Current Mhz: 995, Mhz Limit: 2688
Processor Information for processor 4
  Max Mhz: 2688, Current Mhz: 995, Mhz Limit: 2688
Processor Information for processor 5
  Max Mhz: 2688, Current Mhz: 995, Mhz Limit: 2688
Processor Information for processor 6
  Max Mhz: 2688, Current Mhz: 995, Mhz Limit: 2688
Processor Information for processor 7
  Max Mhz: 2688, Current Mhz: 995, Mhz Limit: 2688
Processor Information for processor 8
  Max Mhz: 2688, Current Mhz: 2688, Mhz Limit: 2688
Processor Information for processor 9
  Max Mhz: 2688, Current Mhz: 995, Mhz Limit: 2688
Processor Information for processor 10
  Max Mhz: 2688, Current Mhz: 2688, Mhz Limit: 2688
Processor Information for processor 11
  Max Mhz: 2688, Current Mhz: 995, Mhz Limit: 2688

Memory: 4k page, system-wide physical 16163M (3908M free)
TotalPageFile size 16163M (AvailPageFile size 10M)
current process WorkingSet (physical memory assigned to process): 135M, peak: 143M
current process commit charge ("private bytes"): 394M, peak: 402M

vm_info: Java HotSpot(TM) 64-Bit Server VM (21.0.6+8-LTS-188) for windows-amd64 JRE (21.0.6+8-LTS-188), built on 2024-12-03T10:50:54Z by "mach5one" with MS VC++ 17.6 (VS2022)

END.
